#
# A fatal error has been detected by the Java Runtime Environment:
#
#  SIGSEGV (0xb) at pc=0x00007fbd2b2521d0, pid=22023, tid=140450044397312
#
# JRE version: 7.0_10-b18
# Java VM: Java HotSpot(TM) 64-Bit Server VM (23.6-b04 mixed mode linux-amd64 compressed oops)
# Problematic frame:
# C  [libc.so.6+0x13a1d0]  __nss_passwd_lookup+0x1a3f0
#
# Failed to write core dump. Core dumps have been disabled. To enable core dumping, try "ulimit -c unlimited" before starting Java again
#
# If you would like to submit a bug report, please visit:
#   http://bugreport.sun.com/bugreport/crash.jsp
# The crash happened outside the Java Virtual Machine in native code.
# See problematic frame for where to report the bug.
#

---------------  T H R E A D  ---------------

Current thread (0x00007fbd2412f800):  JavaThread "Thread-3" [_thread_in_native, id=22106, stack(0x00007fbd12f14000,0x00007fbd13015000)]

siginfo:si_signo=SIGSEGV: si_errno=0, si_code=1 (SEGV_MAPERR), si_addr=0x00007fbd13175046

Registers:
RAX=0x00007fbcb2a48ce8, RBX=0x00007fbd240dc4c0, RCX=0x00007fbd2412f800, RDX=0x00000000000000aa
RSP=0x00007fbd13013478, RBP=0x00007fbd130134f0, RSI=0x00007fbd13175046, RDI=0x00007fbcb2a48ce8
R8 =0x00007fbcb005d3a0, R9 =0x00007fbd13013168, R10=0x00007fbd2100046f, R11=0x00007fbd210955e0
R12=0x0000000000000027, R13=0x00007fbd13175046, R14=0x00000000000000aa, R15=0x00000000ffffffff
RIP=0x00007fbd2b2521d0, EFLAGS=0x0000000000010202, CSGSFS=0x0000000000000033, ERR=0x0000000000000004
  TRAPNO=0x000000000000000e

Top of Stack: (sp=0x00007fbd13013478)
0x00007fbd13013478:   00007fbd13d66a35 00007fbd13175046
0x00007fbd13013488:   00007fbd000000aa 00007fbd130137a8
0x00007fbd13013498:   00007fbd13175046 00007fbd13013590
0x00007fbd130134a8:   00007fbd2412f9d8 00007fbd130137a8
0x00007fbd130134b8:   00007fbcb2a48ce8 00007fbcb005d328
0x00007fbd130134c8:   00007fbcb005d330 00007fbcb005d338
0x00007fbd130134d8:   000000000000021a 0000000000000158
0x00007fbd130134e8:   00007fbd12e6c600 00007fbd13013540
0x00007fbd130134f8:   00007fbd13d67267 00007fbd13013560
0x00007fbd13013508:   00007fbd13175046 00007fbd13013590
0x00007fbd13013518:   00007fbd13013660 00007fbd13013520
0x00007fbd13013528:   00007fbcb005d350 00007fbd2412f9d8
0x00007fbd13013538:   00007fbd13013660 00007fbd13175000
0x00007fbd13013548:   00007fbd1381a7f0 0000000000000000
0x00007fbd13013558:   00007fbd13013578 00007fbd130135e0
0x00007fbd13013568:   00007fbd21006158 000000000000000b
0x00007fbd13013578:   00007fbd13d67181 00007fbd13013660
0x00007fbd13013588:   01000007af6efae8 0000000050ee18e0
0x00007fbd13013598:   00000000000bc322 000000aa000000aa
0x00007fbd130135a8:   0000000700d1e6bf 000100010000000f
0x00007fbd130135b8:   00007fbd13d661dc 0000000000000000
0x00007fbd130135c8:   00007fbd240dc4c0 00000000ffffffff
0x00007fbd130135d8:   00007fbd13013660 00007fbd13d67181
0x00007fbd130135e8:   00007fbd130137d8 00007fbd2412f800
0x00007fbd130135f8:   00007fbd1381e3a1 00007fbd130137d8
0x00007fbd13013608:   0000000700fcb4d0 00007fbd130136e0
0x00007fbd13013618:   0000000000000000 0000000700fcb4d0
0x00007fbd13013628:   00007fbd13d610f8 0000000700d1e320
0x00007fbd13013638:   00007fbd130137b8 00007fbd130137c0
0x00007fbd13013648:   ffffffff00000001 00007fbd130137d8
0x00007fbd13013658:   00007fbd2412f9d8 00007fbd240dc4c0
0x00007fbd13013668:   00007fbd24093958 00007fbd2412f9d8 

Instructions: (pc=0x00007fbd2b2521d0)
0x00007fbd2b2521b0:   fa 90 00 00 00 73 19 48 01 d6 48 01 d7 4c 8d 1d
0x00007fbd2b2521c0:   9c 53 03 00 49 63 14 93 49 8d 14 13 ff e2 0f 0b
0x00007fbd2b2521d0:   f3 0f 6f 06 49 89 f8 48 83 e7 f0 48 83 c7 10 49
0x00007fbd2b2521e0:   89 f9 4d 29 c1 4c 29 ca 4c 01 ce 49 89 f1 49 83 

Register to memory mapping:

RAX=0x00007fbcb2a48ce8 is an unknown value
RBX=0x00007fbd240dc4c0 is an unknown value
RCX=0x00007fbd2412f800 is a thread
RDX=0x00000000000000aa is an unknown value
RSP=0x00007fbd13013478 is pointing into the stack for thread: 0x00007fbd2412f800
RBP=0x00007fbd130134f0 is pointing into the stack for thread: 0x00007fbd2412f800
RSI=0x00007fbd13175046 is an unknown value
RDI=0x00007fbcb2a48ce8 is an unknown value
R8 =0x00007fbcb005d3a0 is an unknown value
R9 =0x00007fbd13013168 is pointing into the stack for thread: 0x00007fbd2412f800
R10=StubRoutines::call_stub [0x00007fbd2100046f, 0x00007fbd21000557[ (232 bytes)R11=0x00007fbd21095490 [CodeBlob (0x00007fbd21095490)]
Framesize: 4
R12=0x0000000000000027 is an unknown value
R13=0x00007fbd13175046 is an unknown value
R14=0x00000000000000aa is an unknown value
R15=0x00000000ffffffff is an unknown value


Stack: [0x00007fbd12f14000,0x00007fbd13015000],  sp=0x00007fbd13013478,  free space=1021k
Native frames: (J=compiled Java code, j=interpreted, Vv=VM code, C=native code)
C  [libc.so.6+0x13a1d0]  __nss_passwd_lookup+0x1a3f0
C  [libjnetpcap.so+0x16267]  cb_pcap_packet_dispatch+0xe6

Java frames: (J=compiled Java code, j=interpreted, Vv=VM code)
j  org.jnetpcap.Pcap.loop(IILorg/jnetpcap/packet/JPacketHandler;Ljava/lang/Object;Lorg/jnetpcap/packet/JPacket;Lorg/jnetpcap/packet/JPacket$State;Lorg/jnetpcap/PcapHeader;Lorg/jnetpcap/packet/JScanner;)I+0
j  org.jnetpcap.Pcap.loop(ILorg/jnetpcap/packet/JPacketHandler;Ljava/lang/Object;)I+35
j  br.ufsm.psniffstat.thread.JNetPcap.run()V+11
v  ~StubRoutines::call_stub

---------------  P R O C E S S  ---------------

Java Threads: ( => current thread )
=>0x00007fbd2412f800 JavaThread "Thread-3" [_thread_in_native, id=22106, stack(0x00007fbd12f14000,0x00007fbd13015000)]
  0x00007fbd2420b800 JavaThread "DisposableGC" daemon [_thread_blocked, id=22045, stack(0x00007fbd180cc000,0x00007fbd181cd000)]
  0x00007fbd240f9000 JavaThread "Service Thread" daemon [_thread_blocked, id=22043, stack(0x00007fbd182ce000,0x00007fbd183cf000)]
  0x00007fbd240f6800 JavaThread "C2 CompilerThread1" daemon [_thread_blocked, id=22042, stack(0x00007fbd183cf000,0x00007fbd184d0000)]
  0x00007fbd240f3800 JavaThread "C2 CompilerThread0" daemon [_thread_in_native, id=22041, stack(0x00007fbd184d0000,0x00007fbd185d1000)]
  0x00007fbd240f1800 JavaThread "Signal Dispatcher" daemon [_thread_blocked, id=22040, stack(0x00007fbd185d1000,0x00007fbd186d2000)]
  0x00007fbd240a4800 JavaThread "Finalizer" daemon [_thread_blocked, id=22039, stack(0x00007fbd188d9000,0x00007fbd189da000)]
  0x00007fbd240a2000 JavaThread "Reference Handler" daemon [_thread_in_vm, id=22038, stack(0x00007fbd189da000,0x00007fbd18adb000)]
  0x00007fbd24009000 JavaThread "main" [_thread_blocked, id=22028, stack(0x00007fbd2bbda000,0x00007fbd2bcdb000)]

Other Threads:
  0x00007fbd2409a800 VMThread [stack: 0x00007fbd18adb000,0x00007fbd18bdc000] [id=22037]
  0x00007fbd24103800 WatcherThread [stack: 0x00007fbd181cd000,0x00007fbd182ce000] [id=22044]

VM state:not at safepoint (normal execution)

VM Mutex/Monitor currently owned by a thread: None

Heap
 PSYoungGen      total 74752K, used 1398K [0x00000007aca00000, 0x00000007b1d60000, 0x0000000800000000)
  eden space 64128K, 2% used [0x00000007aca00000,0x00000007acb5d878,0x00000007b08a0000)
  from space 10624K, 0% used [0x00000007b08a0000,0x00000007b08a0000,0x00000007b1300000)
  to   space 10624K, 0% used [0x00000007b1300000,0x00000007b1300000,0x00000007b1d60000)
 ParOldGen       total 170752K, used 14335K [0x0000000705e00000, 0x00000007104c0000, 0x00000007aca00000)
  object space 170752K, 8% used [0x0000000705e00000,0x0000000706bffea8,0x00000007104c0000)
 PSPermGen       total 21248K, used 6570K [0x0000000700c00000, 0x00000007020c0000, 0x0000000705e00000)
  object space 21248K, 30% used [0x0000000700c00000,0x000000070126a948,0x00000007020c0000)

Card table byte_map: [0x00007fbd2886e000,0x00007fbd29069000] byte_map_base: 0x00007fbd25068000

Polling page: 0x00007fbd2bd16000

Code Cache  [0x00007fbd21000000, 0x00007fbd21270000, 0x00007fbd24000000)
 total_blobs=402 nmethods=171 adapters=183 free_code_cache=48456Kb largest_free_block=49598528

Compilation events (10 events):
Event: 65,664 Thread 0x00007fbd240f3800 nmethod 2% 0x00007fbd210af1d0 code [0x00007fbd210af3e0, 0x00007fbd210b0220]
Event: 65,668 Thread 0x00007fbd240f6800 nmethod 165 0x00007fbd210ac850 code [0x00007fbd210ac9e0, 0x00007fbd210ad0f0]
Event: 65,672 Thread 0x00007fbd240f3800  166             org.jnetpcap.nio.JMemoryReference::remove (15 bytes)
Event: 65,672 Thread 0x00007fbd240f6800  167             org.jnetpcap.nio.DisposableReference::remove (13 bytes)
Event: 65,676 Thread 0x00007fbd240f3800 nmethod 166 0x00007fbd210abb50 code [0x00007fbd210abce0, 0x00007fbd210ac408]
Event: 65,676 Thread 0x00007fbd240f3800  168  s          org.jnetpcap.nio.LinkSequence::remove (200 bytes)
Event: 65,677 Thread 0x00007fbd240f6800 nmethod 167 0x00007fbd210b09d0 code [0x00007fbd210b0b60, 0x00007fbd210b1268]
Event: 65,680 Thread 0x00007fbd240f3800 nmethod 168 0x00007fbd210b1650 code [0x00007fbd210b17e0, 0x00007fbd210b1ee8]
Event: 65,680 Thread 0x00007fbd240f6800  169             org.jnetpcap.nio.JMemoryReference::remove (15 bytes)
Event: 65,684 Thread 0x00007fbd240f6800 nmethod 169 0x00007fbd210b2290 code [0x00007fbd210b2420, 0x00007fbd210b2b68]

GC Heap History (10 events):
Event: 80,195 GC heap before
{Heap before GC invocations=98 (full 49):
 PSYoungGen      total 74752K, used 0K [0x00000007aca00000, 0x00000007b1d60000, 0x0000000800000000)
  eden space 64128K, 0% used [0x00000007aca00000,0x00000007aca00000,0x00000007b08a0000)
  from space 10624K, 0% used [0x00000007b08a0000,0x00000007b08a0000,0x00000007b1300000)
  to   space 10624K, 0% used [0x00000007b1300000,0x00000007b1300000,0x00000007b1d60000)
 ParOldGen       total 170752K, used 31382K [0x0000000705e00000, 0x00000007104c0000, 0x00000007aca00000)
  object space 170752K, 18% used [0x0000000705e00000,0x0000000707ca5b40,0x00000007104c0000)
 PSPermGen       total 21248K, used 6570K [0x0000000700c00000, 0x00000007020c0000, 0x0000000705e00000)
  object space 21248K, 30% used [0x0000000700c00000,0x000000070126a8e8,0x00000007020c0000)
Event: 80,274 GC heap after
Heap after GC invocations=98 (full 49):
 PSYoungGen      total 74752K, used 0K [0x00000007aca00000, 0x00000007b1d60000, 0x0000000800000000)
  eden space 64128K, 0% used [0x00000007aca00000,0x00000007aca00000,0x00000007b08a0000)
  from space 10624K, 0% used [0x00000007b08a0000,0x00000007b08a0000,0x00000007b1300000)
  to   space 10624K, 0% used [0x00000007b1300000,0x00000007b1300000,0x00000007b1d60000)
 ParOldGen       total 170752K, used 31382K [0x0000000705e00000, 0x00000007104c0000, 0x00000007aca00000)
  object space 170752K, 18% used [0x0000000705e00000,0x0000000707ca5b40,0x00000007104c0000)
 PSPermGen       total 21248K, used 6570K [0x0000000700c00000, 0x00000007020c0000, 0x0000000705e00000)
  object space 21248K, 30% used [0x0000000700c00000,0x000000070126a8e8,0x00000007020c0000)
}
Event: 80,475 GC heap before
{Heap before GC invocations=99 (full 49):
 PSYoungGen      total 74752K, used 0K [0x00000007aca00000, 0x00000007b1d60000, 0x0000000800000000)
  eden space 64128K, 0% used [0x00000007aca00000,0x00000007aca00000,0x00000007b08a0000)
  from space 10624K, 0% used [0x00000007b08a0000,0x00000007b08a0000,0x00000007b1300000)
  to   space 10624K, 0% used [0x00000007b1300000,0x00000007b1300000,0x00000007b1d60000)
 ParOldGen       total 170752K, used 31382K [0x0000000705e00000, 0x00000007104c0000, 0x00000007aca00000)
  object space 170752K, 18% used [0x0000000705e00000,0x0000000707ca5b40,0x00000007104c0000)
 PSPermGen       total 21248K, used 6570K [0x0000000700c00000, 0x00000007020c0000, 0x0000000705e00000)
  object space 21248K, 30% used [0x0000000700c00000,0x000000070126a8e8,0x00000007020c0000)
Event: 80,476 GC heap after
Heap after GC invocations=99 (full 49):
 PSYoungGen      total 74752K, used 0K [0x00000007aca00000, 0x00000007b1d60000, 0x0000000800000000)
  eden space 64128K, 0% used [0x00000007aca00000,0x00000007aca00000,0x00000007b08a0000)
  from space 10624K, 0% used [0x00000007b1300000,0x00000007b1300000,0x00000007b1d60000)
  to   space 10624K, 0% used [0x00000007b08a0000,0x00000007b08a0000,0x00000007b1300000)
 ParOldGen       total 170752K, used 31382K [0x0000000705e00000, 0x00000007104c0000, 0x00000007aca00000)
  object space 170752K, 18% used [0x0000000705e00000,0x0000000707ca5b40,0x00000007104c0000)
 PSPermGen       total 21248K, used 6570K [0x0000000700c00000, 0x00000007020c0000, 0x0000000705e00000)
  object space 21248K, 30% used [0x0000000700c00000,0x000000070126a8e8,0x00000007020c0000)
}
Event: 80,476 GC heap before
{Heap before GC invocations=100 (full 50):
 PSYoungGen      total 74752K, used 0K [0x00000007aca00000, 0x00000007b1d60000, 0x0000000800000000)
  eden space 64128K, 0% used [0x00000007aca00000,0x00000007aca00000,0x00000007b08a0000)
  from space 10624K, 0% used [0x00000007b1300000,0x00000007b1300000,0x00000007b1d60000)
  to   space 10624K, 0% used [0x00000007b08a0000,0x00000007b08a0000,0x00000007b1300000)
 ParOldGen       total 170752K, used 31382K [0x0000000705e00000, 0x00000007104c0000, 0x00000007aca00000)
  object space 170752K, 18% used [0x0000000705e00000,0x0000000707ca5b40,0x00000007104c0000)
 PSPermGen       total 21248K, used 6570K [0x0000000700c00000, 0x00000007020c0000, 0x0000000705e00000)
  object space 21248K, 30% used [0x0000000700c00000,0x000000070126a8e8,0x00000007020c0000)
Event: 80,572 GC heap after
Heap after GC invocations=100 (full 50):
 PSYoungGen      total 74752K, used 0K [0x00000007aca00000, 0x00000007b1d60000, 0x0000000800000000)
  eden space 64128K, 0% used [0x00000007aca00000,0x00000007aca00000,0x00000007b08a0000)
  from space 10624K, 0% used [0x00000007b1300000,0x00000007b1300000,0x00000007b1d60000)
  to   space 10624K, 0% used [0x00000007b08a0000,0x00000007b08a0000,0x00000007b1300000)
 ParOldGen       total 170752K, used 31382K [0x0000000705e00000, 0x00000007104c0000, 0x00000007aca00000)
  object space 170752K, 18% used [0x0000000705e00000,0x0000000707ca5b40,0x00000007104c0000)
 PSPermGen       total 21248K, used 6570K [0x0000000700c00000, 0x00000007020c0000, 0x0000000705e00000)
  object space 21248K, 30% used [0x0000000700c00000,0x000000070126a8e8,0x00000007020c0000)
}
Event: 80,774 GC heap before
{Heap before GC invocations=101 (full 50):
 PSYoungGen      total 74752K, used 707K [0x00000007aca00000, 0x00000007b1d60000, 0x0000000800000000)
  eden space 64128K, 1% used [0x00000007aca00000,0x00000007acab0d68,0x00000007b08a0000)
  from space 10624K, 0% used [0x00000007b1300000,0x00000007b1300000,0x00000007b1d60000)
  to   space 10624K, 0% used [0x00000007b08a0000,0x00000007b08a0000,0x00000007b1300000)
 ParOldGen       total 170752K, used 31382K [0x0000000705e00000, 0x00000007104c0000, 0x00000007aca00000)
  object space 170752K, 18% used [0x0000000705e00000,0x0000000707ca5b40,0x00000007104c0000)
 PSPermGen       total 21248K, used 6570K [0x0000000700c00000, 0x00000007020c0000, 0x0000000705e00000)
  object space 21248K, 30% used [0x0000000700c00000,0x000000070126a8e8,0x00000007020c0000)
Event: 80,775 GC heap after
Heap after GC invocations=101 (full 50):
 PSYoungGen      total 74752K, used 32K [0x00000007aca00000, 0x00000007b1d60000, 0x0000000800000000)
  eden space 64128K, 0% used [0x00000007aca00000,0x00000007aca00000,0x00000007b08a0000)
  from space 10624K, 0% used [0x00000007b08a0000,0x00000007b08a8000,0x00000007b1300000)
  to   space 10624K, 0% used [0x00000007b1300000,0x00000007b1300000,0x00000007b1d60000)
 ParOldGen       total 170752K, used 31382K [0x0000000705e00000, 0x00000007104c0000, 0x00000007aca00000)
  object space 170752K, 18% used [0x0000000705e00000,0x0000000707ca5b40,0x00000007104c0000)
 PSPermGen       total 21248K, used 6570K [0x0000000700c00000, 0x00000007020c0000, 0x0000000705e00000)
  object space 21248K, 30% used [0x0000000700c00000,0x000000070126a8e8,0x00000007020c0000)
}
Event: 80,775 GC heap before
{Heap before GC invocations=102 (full 51):
 PSYoungGen      total 74752K, used 32K [0x00000007aca00000, 0x00000007b1d60000, 0x0000000800000000)
  eden space 64128K, 0% used [0x00000007aca00000,0x00000007aca00000,0x00000007b08a0000)
  from space 10624K, 0% used [0x00000007b08a0000,0x00000007b08a8000,0x00000007b1300000)
  to   space 10624K, 0% used [0x00000007b1300000,0x00000007b1300000,0x00000007b1d60000)
 ParOldGen       total 170752K, used 31382K [0x0000000705e00000, 0x00000007104c0000, 0x00000007aca00000)
  object space 170752K, 18% used [0x0000000705e00000,0x0000000707ca5b40,0x00000007104c0000)
 PSPermGen       total 21248K, used 6570K [0x0000000700c00000, 0x00000007020c0000, 0x0000000705e00000)
  object space 21248K, 30% used [0x0000000700c00000,0x000000070126a8e8,0x00000007020c0000)
Event: 80,856 GC heap after
Heap after GC invocations=102 (full 51):
 PSYoungGen      total 74752K, used 0K [0x00000007aca00000, 0x00000007b1d60000, 0x0000000800000000)
  eden space 64128K, 0% used [0x00000007aca00000,0x00000007aca00000,0x00000007b08a0000)
  from space 10624K, 0% used [0x00000007b08a0000,0x00000007b08a0000,0x00000007b1300000)
  to   space 10624K, 0% used [0x00000007b1300000,0x00000007b1300000,0x00000007b1d60000)
 ParOldGen       total 170752K, used 14335K [0x0000000705e00000, 0x00000007104c0000, 0x00000007aca00000)
  object space 170752K, 8% used [0x0000000705e00000,0x0000000706bffea8,0x00000007104c0000)
 PSPermGen       total 21248K, used 6570K [0x0000000700c00000, 0x00000007020c0000, 0x0000000705e00000)
  object space 21248K, 30% used [0x0000000700c00000,0x000000070126a8e8,0x00000007020c0000)
}

Deoptimization events (10 events):
Event: 65,678 Thread 0x00007fbd2420b800 Uncommon trap -34 fr.pc 0x00007fbd210abf24
Event: 65,678 Thread 0x00007fbd2420b800 Uncommon trap -34 fr.pc 0x00007fbd210abf24
Event: 65,678 Thread 0x00007fbd2420b800 Uncommon trap -34 fr.pc 0x00007fbd210b0d9c
Event: 65,680 Thread 0x00007fbd2420b800 Uncommon trap -34 fr.pc 0x00007fbd210b1a2c
Event: 65,686 Thread 0x00007fbd2420b800 Uncommon trap -34 fr.pc 0x00007fbd210aff08
Event: 65,686 Thread 0x00007fbd2420b800 Uncommon trap -34 fr.pc 0x00007fbd210a9d74
Event: 65,686 Thread 0x00007fbd2420b800 Uncommon trap -34 fr.pc 0x00007fbd210a3788
Event: 65,729 Thread 0x00007fbd2420b800 Uncommon trap -12 fr.pc 0x00007fbd210af7d0
Event: 65,730 Thread 0x00007fbd2420b800 Uncommon trap -34 fr.pc 0x00007fbd2108dcac
Event: 65,730 Thread 0x00007fbd2420b800 Uncommon trap -34 fr.pc 0x00007fbd2108dcac

Internal exceptions (10 events):
Event: 1,034 Thread 0x00007fbd2427a800 Threw 0x00000007ad696330 at /HUDSON/workspace/jdk7u10-2-build-linux-amd64-product/jdk7u10/hotspot/src/share/vm/prims/jvm.cpp:1166
Event: 1,034 Thread 0x00007fbd2427a800 Threw 0x00000007ad69ac30 at /HUDSON/workspace/jdk7u10-2-build-linux-amd64-product/jdk7u10/hotspot/src/share/vm/prims/jvm.cpp:1166
Event: 1,037 Thread 0x00007fbd2427a800 Threw 0x00000007ad6b8c10 at /HUDSON/workspace/jdk7u10-2-build-linux-amd64-product/jdk7u10/hotspot/src/share/vm/prims/jvm.cpp:1166
Event: 1,038 Thread 0x00007fbd2427a800 Threw 0x00000007ad6bf518 at /HUDSON/workspace/jdk7u10-2-build-linux-amd64-product/jdk7u10/hotspot/src/share/vm/prims/jvm.cpp:1166
Event: 1,044 Thread 0x00007fbd2427a800 Threw 0x00000007ad6fa688 at /HUDSON/workspace/jdk7u10-2-build-linux-amd64-product/jdk7u10/hotspot/src/share/vm/prims/jvm.cpp:1166
Event: 1,044 Thread 0x00007fbd2427a800 Threw 0x00000007ad6feda8 at /HUDSON/workspace/jdk7u10-2-build-linux-amd64-product/jdk7u10/hotspot/src/share/vm/prims/jvm.cpp:1166
Event: 1,077 Thread 0x00007fbd2427a800 Implicit null exception at 0x00007fbd2107f7b0 to 0x00007fbd2107f950
Event: 1,079 Thread 0x00007fbd2427a800 Implicit null exception at 0x00007fbd21087d88 to 0x00007fbd21088f75
Event: 3,378 Thread 0x00007fbd2427a800 Threw 0x00000007adafd1d0 at /HUDSON/workspace/jdk7u10-2-build-linux-amd64-product/jdk7u10/hotspot/src/share/vm/prims/jvm.cpp:1166
Event: 65,729 Thread 0x00007fbd2420b800 Threw 0x00000007acbedc18 at /HUDSON/workspace/jdk7u10-2-build-linux-amd64-product/jdk7u10/hotspot/src/share/vm/prims/jvm.cpp:1166

Events (10 events):
Event: 79,623 Executing VM operation: ParallelGCSystemGC
Event: 79,713 Executing VM operation: ParallelGCSystemGC done
Event: 79,914 Executing VM operation: ParallelGCSystemGC
Event: 79,992 Executing VM operation: ParallelGCSystemGC done
Event: 80,193 Executing VM operation: ParallelGCSystemGC
Event: 80,274 Executing VM operation: ParallelGCSystemGC done
Event: 80,475 Executing VM operation: ParallelGCSystemGC
Event: 80,573 Executing VM operation: ParallelGCSystemGC done
Event: 80,774 Executing VM operation: ParallelGCSystemGC
Event: 80,856 Executing VM operation: ParallelGCSystemGC done


Dynamic libraries:
00200000-00401000 r-xp 00000000 fe:01 2372939                            /opt/oracle-jdk-bin-1.7.0.10/bin/java
00600000-00601000 rw-p 00200000 fe:01 2372939                            /opt/oracle-jdk-bin-1.7.0.10/bin/java
00601000-00622000 rw-p 00000000 00:00 0                                  [heap]
700c00000-7020c0000 rw-p 00000000 00:00 0 
7020c0000-705e00000 rw-p 00000000 00:00 0 
705e00000-7104c0000 rw-p 00000000 00:00 0 
7104c0000-7aca00000 rw-p 00000000 00:00 0 
7aca00000-7b1d60000 rw-p 00000000 00:00 0 
7b1d60000-800000000 rw-p 00000000 00:00 0 
7fbcb0000000-7fbcb4150000 rw-p 00000000 00:00 0 
7fbcb4150000-7fbcb8000000 ---p 00000000 00:00 0 
7fbcb8000000-7fbcb8021000 rw-p 00000000 00:00 0 
7fbcb8021000-7fbcbc000000 ---p 00000000 00:00 0 
7fbcbc000000-7fbcbc021000 rw-p 00000000 00:00 0 
7fbcbc021000-7fbcc0000000 ---p 00000000 00:00 0 
7fbcc0000000-7fbcc008f000 rw-p 00000000 00:00 0 
7fbcc008f000-7fbcc009b000 rw-p 00000000 00:00 0 
7fbcc009b000-7fbcc00f1000 rw-p 00000000 00:00 0 
7fbcc00f1000-7fbcc00f7000 rw-p 00000000 00:00 0 
7fbcc00f7000-7fbcc0117000 rw-p 00000000 00:00 0 
7fbcc0117000-7fbcc011a000 rw-p 00000000 00:00 0 
7fbcc011a000-7fbcc0153000 rw-p 00000000 00:00 0 
7fbcc0153000-7fbcc0162000 rw-p 00000000 00:00 0 
7fbcc0162000-7fbcc01a2000 rw-p 00000000 00:00 0 
7fbcc01a2000-7fbcc01b3000 rw-p 00000000 00:00 0 
7fbcc01b3000-7fbcc01e3000 rw-p 00000000 00:00 0 
7fbcc01e3000-7fbcc02b9000 ---p 00000000 00:00 0 
7fbcc02b9000-7fbcc4000000 ---p 00000000 00:00 0 
7fbcc4000000-7fbcc4021000 rw-p 00000000 00:00 0 
7fbcc4021000-7fbcc8000000 ---p 00000000 00:00 0 
7fbcc8000000-7fbcc8021000 rw-p 00000000 00:00 0 
7fbcc8021000-7fbccc000000 ---p 00000000 00:00 0 
7fbccc000000-7fbccc0d5000 rw-p 00000000 00:00 0 
7fbccc0d5000-7fbccc0da000 rw-p 00000000 00:00 0 
7fbccc0da000-7fbccc115000 rw-p 00000000 00:00 0 
7fbccc115000-7fbccc11e000 rw-p 00000000 00:00 0 
7fbccc11e000-7fbccc173000 rw-p 00000000 00:00 0 
7fbccc173000-7fbccc195000 rw-p 00000000 00:00 0 
7fbccc195000-7fbccc224000 rw-p 00000000 00:00 0 
7fbccc224000-7fbccc335000 ---p 00000000 00:00 0 
7fbccc335000-7fbcd0000000 ---p 00000000 00:00 0 
7fbcd0000000-7fbcd0021000 rw-p 00000000 00:00 0 
7fbcd0021000-7fbcd4000000 ---p 00000000 00:00 0 
7fbcd4000000-7fbcd4021000 rw-p 00000000 00:00 0 
7fbcd4021000-7fbcd8000000 ---p 00000000 00:00 0 
7fbcd8000000-7fbcd8021000 rw-p 00000000 00:00 0 
7fbcd8021000-7fbcdc000000 ---p 00000000 00:00 0 
7fbcdc060000-7fbce4000000 rw-p 00000000 00:00 0 
7fbce4000000-7fbce4021000 rw-p 00000000 00:00 0 
7fbce4021000-7fbce8000000 ---p 00000000 00:00 0 
7fbcec000000-7fbcec021000 rw-p 00000000 00:00 0 
7fbcec021000-7fbcf0000000 ---p 00000000 00:00 0 
7fbcf4000000-7fbcf4021000 rw-p 00000000 00:00 0 
7fbcf4021000-7fbcf8000000 ---p 00000000 00:00 0 
7fbcfc000000-7fbcfc021000 rw-p 00000000 00:00 0 
7fbcfc021000-7fbd00000000 ---p 00000000 00:00 0 
7fbd04000000-7fbd04021000 rw-p 00000000 00:00 0 
7fbd04021000-7fbd08000000 ---p 00000000 00:00 0 
7fbd0c000000-7fbd0c021000 rw-p 00000000 00:00 0 
7fbd0c021000-7fbd10000000 ---p 00000000 00:00 0 
7fbd12dde000-7fbd12f14000 rw-p 00000000 00:00 0 
7fbd12f14000-7fbd12f17000 ---p 00000000 00:00 0 
7fbd12f17000-7fbd13015000 rw-p 00000000 00:00 0                          [stack:22106]
7fbd133f5000-7fbd133f7000 r-xp 00000000 fe:01 3423482                    /usr/lib64/libjnetpcap-pcap100.so
7fbd133f7000-7fbd135f6000 ---p 00002000 fe:01 3423482                    /usr/lib64/libjnetpcap-pcap100.so
7fbd135f6000-7fbd135f7000 r--p 00001000 fe:01 3423482                    /usr/lib64/libjnetpcap-pcap100.so
7fbd135f7000-7fbd135f8000 rw-p 00002000 fe:01 3423482                    /usr/lib64/libjnetpcap-pcap100.so
7fbd135f8000-7fbd1360d000 r-xp 00000000 fe:01 2671487                    /usr/lib64/gcc/x86_64-pc-linux-gnu/4.6.3/libgcc_s.so.1
7fbd1360d000-7fbd1380c000 ---p 00015000 fe:01 2671487                    /usr/lib64/gcc/x86_64-pc-linux-gnu/4.6.3/libgcc_s.so.1
7fbd1380c000-7fbd1380d000 r--p 00014000 fe:01 2671487                    /usr/lib64/gcc/x86_64-pc-linux-gnu/4.6.3/libgcc_s.so.1
7fbd1380d000-7fbd1380e000 rw-p 00015000 fe:01 2671487                    /usr/lib64/gcc/x86_64-pc-linux-gnu/4.6.3/libgcc_s.so.1
7fbd1380e000-7fbd1384a000 r-xp 00000000 fe:01 2758721                    /usr/lib64/libpcap.so.1.3.0
7fbd1384a000-7fbd13a49000 ---p 0003c000 fe:01 2758721                    /usr/lib64/libpcap.so.1.3.0
7fbd13a49000-7fbd13a4b000 r--p 0003b000 fe:01 2758721                    /usr/lib64/libpcap.so.1.3.0
7fbd13a4b000-7fbd13a4c000 rw-p 0003d000 fe:01 2758721                    /usr/lib64/libpcap.so.1.3.0
7fbd13a4c000-7fbd13a4d000 rw-p 00000000 00:00 0 
7fbd13a4d000-7fbd13b32000 r-xp 00000000 fe:01 2671472                    /usr/lib64/gcc/x86_64-pc-linux-gnu/4.6.3/libstdc++.so.6.0.16
7fbd13b32000-7fbd13d32000 ---p 000e5000 fe:01 2671472                    /usr/lib64/gcc/x86_64-pc-linux-gnu/4.6.3/libstdc++.so.6.0.16
7fbd13d32000-7fbd13d3a000 r--p 000e5000 fe:01 2671472                    /usr/lib64/gcc/x86_64-pc-linux-gnu/4.6.3/libstdc++.so.6.0.16
7fbd13d3a000-7fbd13d3c000 rw-p 000ed000 fe:01 2671472                    /usr/lib64/gcc/x86_64-pc-linux-gnu/4.6.3/libstdc++.so.6.0.16
7fbd13d3c000-7fbd13d51000 rw-p 00000000 00:00 0 
7fbd13d51000-7fbd13d7b000 r-xp 00000000 fe:01 3423483                    /usr/lib64/libjnetpcap.so
7fbd13d7b000-7fbd13f7a000 ---p 0002a000 fe:01 3423483                    /usr/lib64/libjnetpcap.so
7fbd13f7a000-7fbd13f7b000 r--p 00029000 fe:01 3423483                    /usr/lib64/libjnetpcap.so
7fbd13f7b000-7fbd13f7c000 rw-p 0002a000 fe:01 3423483                    /usr/lib64/libjnetpcap.so
7fbd13f7c000-7fbd14000000 rw-p 00000000 00:00 0 
7fbd14000000-7fbd14021000 rw-p 00000000 00:00 0 
7fbd14021000-7fbd18000000 ---p 00000000 00:00 0 
7fbd18031000-7fbd180cc000 rw-p 00000000 00:00 0 
7fbd180cc000-7fbd180cf000 ---p 00000000 00:00 0 
7fbd180cf000-7fbd181cd000 rw-p 00000000 00:00 0                          [stack:22045]
7fbd181cd000-7fbd181ce000 ---p 00000000 00:00 0 
7fbd181ce000-7fbd182ce000 rw-p 00000000 00:00 0                          [stack:22044]
7fbd182ce000-7fbd182d1000 ---p 00000000 00:00 0 
7fbd182d1000-7fbd183cf000 rw-p 00000000 00:00 0                          [stack:22043]
7fbd183cf000-7fbd183d2000 ---p 00000000 00:00 0 
7fbd183d2000-7fbd184d0000 rw-p 00000000 00:00 0                          [stack:22042]
7fbd184d0000-7fbd184d3000 ---p 00000000 00:00 0 
7fbd184d3000-7fbd185d1000 rw-p 00000000 00:00 0                          [stack:22041]
7fbd185d1000-7fbd185d4000 ---p 00000000 00:00 0 
7fbd185d4000-7fbd186d2000 rw-p 00000000 00:00 0                          [stack:22040]
7fbd186d2000-7fbd188d9000 r--p 00000000 fe:01 3670407                    /usr/lib64/locale/locale-archive
7fbd188d9000-7fbd188dc000 ---p 00000000 00:00 0 
7fbd188dc000-7fbd189da000 rw-p 00000000 00:00 0                          [stack:22039]
7fbd189da000-7fbd189dd000 ---p 00000000 00:00 0 
7fbd189dd000-7fbd18adb000 rw-p 00000000 00:00 0                          [stack:22038]
7fbd18adb000-7fbd18adc000 ---p 00000000 00:00 0 
7fbd18adc000-7fbd1c000000 rw-p 00000000 00:00 0                          [stack:22037]
7fbd1c000000-7fbd1c021000 rw-p 00000000 00:00 0 
7fbd1c021000-7fbd20000000 ---p 00000000 00:00 0 
7fbd20073000-7fbd2007d000 r--s 00254000 fe:01 2374984                    /opt/oracle-jdk-bin-1.7.0.10/jre/lib/resources.jar
7fbd2007d000-7fbd2008a000 r--s 000a1000 fe:04 10617555                   /home/tuxtor/.m2/repository/jnetpcap/jnetpcap/1.4.r1390-1a/jnetpcap-1.4.r1390-1a.jar
7fbd2008a000-7fbd20090000 r--s 00081000 fe:04 10617488                   /home/tuxtor/.m2/repository/org/ancoron/postgresql/org.postgresql/9.1.901.jdbc4.1-rc8/org.postgresql-9.1.901.jdbc4.1-rc8.jar
7fbd20090000-7fbd20092000 r--s 00005000 fe:04 17039603                   /home/tuxtor/.m2/repository/javax/jms/jms/1.1/jms-1.1.jar
7fbd20092000-7fbd20094000 r--s 0000e000 fe:04 17039585                   /home/tuxtor/.m2/repository/javax/activation/activation/1.1/activation-1.1.jar
7fbd20094000-7fbd2009a000 r--s 00059000 fe:04 17039584                   /home/tuxtor/.m2/repository/javax/mail/mail/1.4/mail-1.4.jar
7fbd2009a000-7fbd200a1000 r--s 00059000 fe:04 10617459                   /home/tuxtor/.m2/repository/log4j/log4j/1.2.15/log4j-1.2.15.jar
7fbd200a1000-7fbd200b0000 r--s 0006b000 fe:04 10617460                   /home/tuxtor/.m2/repository/geronimo-spec/geronimo-spec-j2ee/1.4-rc4/geronimo-spec-j2ee-1.4-rc4.jar
7fbd200b0000-7fbd200bd000 r--s 000d1000 fe:04 10617463                   /home/tuxtor/.m2/repository/xalan/xalan/2.3.1/xalan-2.3.1.jar
7fbd200bd000-7fbd200c7000 r--s 00094000 fe:04 10617462                   /home/tuxtor/.m2/repository/org/firebirdsql/jdbc/jaybird/2.1.6/jaybird-2.1.6.jar
7fbd200c7000-7fbd2093f000 rw-p 00000000 00:00 0 
7fbd2093f000-7fbd20afb000 r--s 039dc000 fe:01 2374974                    /opt/oracle-jdk-bin-1.7.0.10/jre/lib/rt.jar
7fbd20afb000-7fbd20afc000 ---p 00000000 00:00 0 
7fbd20afc000-7fbd20bfc000 rw-p 00000000 00:00 0                          [stack:22036]
7fbd20bfc000-7fbd20bfd000 ---p 00000000 00:00 0 
7fbd20bfd000-7fbd20cfd000 rw-p 00000000 00:00 0                          [stack:22035]
7fbd20cfd000-7fbd20cfe000 ---p 00000000 00:00 0 
7fbd20cfe000-7fbd20dfe000 rw-p 00000000 00:00 0                          [stack:22034]
7fbd20dfe000-7fbd20dff000 ---p 00000000 00:00 0 
7fbd20dff000-7fbd20eff000 rw-p 00000000 00:00 0                          [stack:22033]
7fbd20eff000-7fbd20f00000 ---p 00000000 00:00 0 
7fbd20f00000-7fbd21000000 rw-p 00000000 00:00 0                          [stack:22032]
7fbd21000000-7fbd21270000 rwxp 00000000 00:00 0 
7fbd21270000-7fbd24288000 rw-p 00000000 00:00 0 
7fbd24288000-7fbd28000000 ---p 00000000 00:00 0 
7fbd28004000-7fbd2800c000 r--s 000c4000 fe:04 10617421                   /home/tuxtor/.m2/repository/mysql/mysql-connector-java/5.1.22/mysql-connector-java-5.1.22.jar
7fbd2800c000-7fbd2800d000 ---p 00000000 00:00 0 
7fbd2800d000-7fbd2810d000 rw-p 00000000 00:00 0                          [stack:22031]
7fbd2810d000-7fbd2810e000 ---p 00000000 00:00 0 
7fbd2810e000-7fbd2820e000 rw-p 00000000 00:00 0                          [stack:22030]
7fbd2820e000-7fbd2820f000 ---p 00000000 00:00 0 
7fbd2820f000-7fbd2831a000 rw-p 00000000 00:00 0                          [stack:22029]
7fbd2831a000-7fbd28338000 rw-p 00000000 00:00 0 
7fbd28338000-7fbd2838c000 rw-p 00000000 00:00 0 
7fbd2838c000-7fbd2886e000 rw-p 00000000 00:00 0 
7fbd2886e000-7fbd28879000 rw-p 00000000 00:00 0 
7fbd28879000-7fbd28897000 rw-p 00000000 00:00 0 
7fbd28897000-7fbd288eb000 rw-p 00000000 00:00 0 
7fbd288eb000-7fbd28dcd000 rw-p 00000000 00:00 0 
7fbd28dcd000-7fbd28df7000 rw-p 00000000 00:00 0 
7fbd28df7000-7fbd29068000 rw-p 00000000 00:00 0 
7fbd29068000-7fbd29069000 rw-p 00000000 00:00 0 
7fbd29069000-7fbd29083000 r-xp 00000000 fe:01 2374871                    /opt/oracle-jdk-bin-1.7.0.10/jre/lib/amd64/libzip.so
7fbd29083000-7fbd29283000 ---p 0001a000 fe:01 2374871                    /opt/oracle-jdk-bin-1.7.0.10/jre/lib/amd64/libzip.so
7fbd29283000-7fbd29284000 rw-p 0001a000 fe:01 2374871                    /opt/oracle-jdk-bin-1.7.0.10/jre/lib/amd64/libzip.so
7fbd29284000-7fbd29290000 r-xp 00000000 fe:01 3066413                    /lib64/libnss_files-2.15.so
7fbd29290000-7fbd2948f000 ---p 0000c000 fe:01 3066413                    /lib64/libnss_files-2.15.so
7fbd2948f000-7fbd29490000 r--p 0000b000 fe:01 3066413                    /lib64/libnss_files-2.15.so
7fbd29490000-7fbd29491000 rw-p 0000c000 fe:01 3066413                    /lib64/libnss_files-2.15.so
7fbd29491000-7fbd2949b000 r-xp 00000000 fe:01 3066431                    /lib64/libnss_nis-2.15.so
7fbd2949b000-7fbd2969a000 ---p 0000a000 fe:01 3066431                    /lib64/libnss_nis-2.15.so
7fbd2969a000-7fbd2969b000 r--p 00009000 fe:01 3066431                    /lib64/libnss_nis-2.15.so
7fbd2969b000-7fbd2969c000 rw-p 0000a000 fe:01 3066431                    /lib64/libnss_nis-2.15.so
7fbd2969c000-7fbd296b1000 r-xp 00000000 fe:01 3066430                    /lib64/libnsl-2.15.so
7fbd296b1000-7fbd298b0000 ---p 00015000 fe:01 3066430                    /lib64/libnsl-2.15.so
7fbd298b0000-7fbd298b1000 r--p 00014000 fe:01 3066430                    /lib64/libnsl-2.15.so
7fbd298b1000-7fbd298b2000 rw-p 00015000 fe:01 3066430                    /lib64/libnsl-2.15.so
7fbd298b2000-7fbd298b4000 rw-p 00000000 00:00 0 
7fbd298b4000-7fbd298bc000 r-xp 00000000 fe:01 3066433                    /lib64/libnss_compat-2.15.so
7fbd298bc000-7fbd29abb000 ---p 00008000 fe:01 3066433                    /lib64/libnss_compat-2.15.so
7fbd29abb000-7fbd29abc000 r--p 00007000 fe:01 3066433                    /lib64/libnss_compat-2.15.so
7fbd29abc000-7fbd29abd000 rw-p 00008000 fe:01 3066433                    /lib64/libnss_compat-2.15.so
7fbd29abd000-7fbd29ae6000 r-xp 00000000 fe:01 2374823                    /opt/oracle-jdk-bin-1.7.0.10/jre/lib/amd64/libjava.so
7fbd29ae6000-7fbd29ce6000 ---p 00029000 fe:01 2374823                    /opt/oracle-jdk-bin-1.7.0.10/jre/lib/amd64/libjava.so
7fbd29ce6000-7fbd29ce8000 rw-p 00029000 fe:01 2374823                    /opt/oracle-jdk-bin-1.7.0.10/jre/lib/amd64/libjava.so
7fbd29ce8000-7fbd29cf5000 r-xp 00000000 fe:01 2374846                    /opt/oracle-jdk-bin-1.7.0.10/jre/lib/amd64/libverify.so
7fbd29cf5000-7fbd29ef4000 ---p 0000d000 fe:01 2374846                    /opt/oracle-jdk-bin-1.7.0.10/jre/lib/amd64/libverify.so
7fbd29ef4000-7fbd29ef6000 rw-p 0000c000 fe:01 2374846                    /opt/oracle-jdk-bin-1.7.0.10/jre/lib/amd64/libverify.so
7fbd29ef6000-7fbd29efe000 r-xp 00000000 fe:01 3066417                    /lib64/librt-2.15.so
7fbd29efe000-7fbd2a0fd000 ---p 00008000 fe:01 3066417                    /lib64/librt-2.15.so
7fbd2a0fd000-7fbd2a0fe000 r--p 00007000 fe:01 3066417                    /lib64/librt-2.15.so
7fbd2a0fe000-7fbd2a0ff000 rw-p 00008000 fe:01 3066417                    /lib64/librt-2.15.so
7fbd2a0ff000-7fbd2a1f1000 r-xp 00000000 fe:01 3066387                    /lib64/libm-2.15.so
7fbd2a1f1000-7fbd2a3f0000 ---p 000f2000 fe:01 3066387                    /lib64/libm-2.15.so
7fbd2a3f0000-7fbd2a3f1000 r--p 000f1000 fe:01 3066387                    /lib64/libm-2.15.so
7fbd2a3f1000-7fbd2a3f2000 rw-p 000f2000 fe:01 3066387                    /lib64/libm-2.15.so
7fbd2a3f2000-7fbd2ae39000 r-xp 00000000 fe:01 2374850                    /opt/oracle-jdk-bin-1.7.0.10/jre/lib/amd64/server/libjvm.so
7fbd2ae39000-7fbd2b039000 ---p 00a47000 fe:01 2374850                    /opt/oracle-jdk-bin-1.7.0.10/jre/lib/amd64/server/libjvm.so
7fbd2b039000-7fbd2b0dc000 rw-p 00a47000 fe:01 2374850                    /opt/oracle-jdk-bin-1.7.0.10/jre/lib/amd64/server/libjvm.so
7fbd2b0dc000-7fbd2b118000 rw-p 00000000 00:00 0 
7fbd2b118000-7fbd2b2b5000 r-xp 00000000 fe:01 3066112                    /lib64/libc-2.15.so
7fbd2b2b5000-7fbd2b4b5000 ---p 0019d000 fe:01 3066112                    /lib64/libc-2.15.so
7fbd2b4b5000-7fbd2b4b9000 r--p 0019d000 fe:01 3066112                    /lib64/libc-2.15.so
7fbd2b4b9000-7fbd2b4bb000 rw-p 001a1000 fe:01 3066112                    /lib64/libc-2.15.so
7fbd2b4bb000-7fbd2b4bf000 rw-p 00000000 00:00 0 
7fbd2b4bf000-7fbd2b4c1000 r-xp 00000000 fe:01 3066391                    /lib64/libdl-2.15.so
7fbd2b4c1000-7fbd2b6c1000 ---p 00002000 fe:01 3066391                    /lib64/libdl-2.15.so
7fbd2b6c1000-7fbd2b6c2000 r--p 00002000 fe:01 3066391                    /lib64/libdl-2.15.so
7fbd2b6c2000-7fbd2b6c3000 rw-p 00003000 fe:01 3066391                    /lib64/libdl-2.15.so
7fbd2b6c3000-7fbd2b6d9000 r-xp 00000000 fe:01 2374826                    /opt/oracle-jdk-bin-1.7.0.10/jre/lib/amd64/jli/libjli.so
7fbd2b6d9000-7fbd2b8d9000 ---p 00016000 fe:01 2374826                    /opt/oracle-jdk-bin-1.7.0.10/jre/lib/amd64/jli/libjli.so
7fbd2b8d9000-7fbd2b8da000 rw-p 00016000 fe:01 2374826                    /opt/oracle-jdk-bin-1.7.0.10/jre/lib/amd64/jli/libjli.so
7fbd2b8da000-7fbd2b8f2000 r-xp 00000000 fe:01 3066389                    /lib64/libpthread-2.15.so
7fbd2b8f2000-7fbd2baf1000 ---p 00018000 fe:01 3066389                    /lib64/libpthread-2.15.so
7fbd2baf1000-7fbd2baf2000 r--p 00017000 fe:01 3066389                    /lib64/libpthread-2.15.so
7fbd2baf2000-7fbd2baf3000 rw-p 00018000 fe:01 3066389                    /lib64/libpthread-2.15.so
7fbd2baf3000-7fbd2baf7000 rw-p 00000000 00:00 0 
7fbd2baf7000-7fbd2bb18000 r-xp 00000000 fe:01 3066443                    /lib64/ld-2.15.so
7fbd2bb1a000-7fbd2bb24000 rw-p 00000000 00:00 0 
7fbd2bb24000-7fbd2bbda000 rw-p 00000000 00:00 0 
7fbd2bbda000-7fbd2bbdd000 ---p 00000000 00:00 0 
7fbd2bbdd000-7fbd2bcdf000 rw-p 00000000 00:00 0                          [stack:22028]
7fbd2bce4000-7fbd2bd0d000 rw-p 00000000 00:00 0 
7fbd2bd0d000-7fbd2bd15000 rw-s 00000000 00:11 287236                     /tmp/hsperfdata_tuxtor/22023
7fbd2bd15000-7fbd2bd16000 rw-p 00000000 00:00 0 
7fbd2bd16000-7fbd2bd17000 r--p 00000000 00:00 0 
7fbd2bd17000-7fbd2bd18000 rw-p 00000000 00:00 0 
7fbd2bd18000-7fbd2bd19000 r--p 00021000 fe:01 3066443                    /lib64/ld-2.15.so
7fbd2bd19000-7fbd2bd1a000 rw-p 00022000 fe:01 3066443                    /lib64/ld-2.15.so
7fbd2bd1a000-7fbd2bd1b000 rw-p 00000000 00:00 0 
7fffa9d0d000-7fffa9d2f000 rw-p 00000000 00:00 0                          [stack]
7fffa9dff000-7fffa9e00000 r-xp 00000000 00:00 0                          [vdso]
ffffffffff600000-ffffffffff601000 r-xp 00000000 00:00 0                  [vsyscall]

VM Arguments:
jvm_args: -Dfile.encoding=UTF-8 
java_command: br.ufsm.psniffstat.Main lo
Launcher Type: SUN_STANDARD

Environment Variables:
JAVA_HOME=/etc/java-config-2/current-system-vm
CLASSPATH=/usr/share/junit-4/lib/junit.jar
PATH=/usr/local/bin:/usr/bin:/bin:/opt/bin:/usr/x86_64-pc-linux-gnu/gcc-bin/4.6.3:/opt/android-sdk-update-manager/tools:/opt/android-sdk-update-manager/platform-tools:/opt/nvidia-cg-toolkit/bin:/usr/games/bin
USERNAME=tuxtor
SHELL=/bin/bash
DISPLAY=:0

Signal Handlers:
SIGSEGV: [libjvm.so+0x8a5c80], sa_mask[0]=0x7ffbfeff, sa_flags=0x10000004
SIGBUS: [libjvm.so+0x8a5c80], sa_mask[0]=0x7ffbfeff, sa_flags=0x10000004
SIGFPE: [libjvm.so+0x741d60], sa_mask[0]=0x7ffbfeff, sa_flags=0x10000004
SIGPIPE: [libjvm.so+0x741d60], sa_mask[0]=0x7ffbfeff, sa_flags=0x10000004
SIGXFSZ: [libjvm.so+0x741d60], sa_mask[0]=0x7ffbfeff, sa_flags=0x10000004
SIGILL: [libjvm.so+0x741d60], sa_mask[0]=0x7ffbfeff, sa_flags=0x10000004
SIGUSR1: SIG_DFL, sa_mask[0]=0x00000000, sa_flags=0x00000000
SIGUSR2: [libjvm.so+0x7416b0], sa_mask[0]=0x00000004, sa_flags=0x10000004
SIGHUP: [libjvm.so+0x743a40], sa_mask[0]=0x7ffbfeff, sa_flags=0x10000004
SIGINT: SIG_IGN, sa_mask[0]=0x00000000, sa_flags=0x00000000
SIGTERM: [libjvm.so+0x743a40], sa_mask[0]=0x7ffbfeff, sa_flags=0x10000004
SIGQUIT: [libjvm.so+0x743a40], sa_mask[0]=0x7ffbfeff, sa_flags=0x10000004


---------------  S Y S T E M  ---------------

OS:Funtoo Linux - baselayout 2.2.0

uname:Linux 3.4.11-tuxonice #2 SMP Wed Jan 9 03:01:25 BRST 2013 x86_64
libc:glibc 2.15 NPTL 2.15 
rlimit: STACK 8192k, CORE 0k, NPROC 128032, NOFILE 64000, AS infinity
load average:0,74 0,61 0,73

/proc/meminfo:
MemTotal:       16390472 kB
MemFree:         9769908 kB
Buffers:          842380 kB
Cached:          2223176 kB
SwapCached:            0 kB
Active:          4256780 kB
Inactive:        2120668 kB
Active(anon):    3320040 kB
Inactive(anon):    20728 kB
Active(file):     936740 kB
Inactive(file):  2099940 kB
Unevictable:          80 kB
Mlocked:              80 kB
SwapTotal:       4194300 kB
SwapFree:        4194300 kB
Dirty:                64 kB
Writeback:             0 kB
AnonPages:       3311900 kB
Mapped:           251628 kB
Shmem:             28888 kB
Slab:             140160 kB
SReclaimable:     105440 kB
SUnreclaim:        34720 kB
KernelStack:        4288 kB
PageTables:        36876 kB
NFS_Unstable:          0 kB
Bounce:                0 kB
WritebackTmp:          0 kB
CommitLimit:    12389536 kB
Committed_AS:   11238256 kB
VmallocTotal:   34359738367 kB
VmallocUsed:      103672 kB
VmallocChunk:   34359631867 kB
HugePages_Total:       0
HugePages_Free:        0
HugePages_Rsvd:        0
HugePages_Surp:        0
Hugepagesize:       2048 kB
DirectMap4k:      169972 kB
DirectMap2M:    16590848 kB


CPU:total 8 (4 cores per cpu, 2 threads per core) family 6 model 42 stepping 7, cmov, cx8, fxsr, mmx, sse, sse2, sse3, ssse3, sse4.1, sse4.2, popcnt, avx, ht, tsc, tscinvbit

/proc/cpuinfo:
processor	: 0
vendor_id	: GenuineIntel
cpu family	: 6
model		: 42
model name	: Intel(R) Core(TM) i7-2670QM CPU @ 2.20GHz
stepping	: 7
microcode	: 0x15
cpu MHz		: 2201.000
cache size	: 6144 KB
physical id	: 0
siblings	: 8
core id		: 0
cpu cores	: 4
apicid		: 0
initial apicid	: 0
fpu		: yes
fpu_exception	: yes
cpuid level	: 13
wp		: yes
flags		: fpu vme de pse tsc msr pae mce cx8 apic sep mtrr pge mca cmov pat pse36 clflush dts acpi mmx fxsr sse sse2 ss ht tm pbe syscall nx rdtscp lm constant_tsc arch_perfmon pebs bts rep_good nopl xtopology nonstop_tsc aperfmperf pni pclmulqdq dtes64 monitor ds_cpl vmx est tm2 ssse3 cx16 xtpr pdcm pcid sse4_1 sse4_2 x2apic popcnt tsc_deadline_timer xsave avx lahf_lm ida arat epb xsaveopt pln pts dtherm tpr_shadow vnmi flexpriority ept vpid
bogomips	: 4390.23
clflush size	: 64
cache_alignment	: 64
address sizes	: 36 bits physical, 48 bits virtual
power management:

processor	: 1
vendor_id	: GenuineIntel
cpu family	: 6
model		: 42
model name	: Intel(R) Core(TM) i7-2670QM CPU @ 2.20GHz
stepping	: 7
microcode	: 0x15
cpu MHz		: 2200.000
cache size	: 6144 KB
physical id	: 0
siblings	: 8
core id		: 1
cpu cores	: 4
apicid		: 2
initial apicid	: 2
fpu		: yes
fpu_exception	: yes
cpuid level	: 13
wp		: yes
flags		: fpu vme de pse tsc msr pae mce cx8 apic sep mtrr pge mca cmov pat pse36 clflush dts acpi mmx fxsr sse sse2 ss ht tm pbe syscall nx rdtscp lm constant_tsc arch_perfmon pebs bts rep_good nopl xtopology nonstop_tsc aperfmperf pni pclmulqdq dtes64 monitor ds_cpl vmx est tm2 ssse3 cx16 xtpr pdcm pcid sse4_1 sse4_2 x2apic popcnt tsc_deadline_timer xsave avx lahf_lm ida arat epb xsaveopt pln pts dtherm tpr_shadow vnmi flexpriority ept vpid
bogomips	: 4390.23
clflush size	: 64
cache_alignment	: 64
address sizes	: 36 bits physical, 48 bits virtual
power management:

processor	: 2
vendor_id	: GenuineIntel
cpu family	: 6
model		: 42
model name	: Intel(R) Core(TM) i7-2670QM CPU @ 2.20GHz
stepping	: 7
microcode	: 0x15
cpu MHz		: 2201.000
cache size	: 6144 KB
physical id	: 0
siblings	: 8
core id		: 2
cpu cores	: 4
apicid		: 4
initial apicid	: 4
fpu		: yes
fpu_exception	: yes
cpuid level	: 13
wp		: yes
flags		: fpu vme de pse tsc msr pae mce cx8 apic sep mtrr pge mca cmov pat pse36 clflush dts acpi mmx fxsr sse sse2 ss ht tm pbe syscall nx rdtscp lm constant_tsc arch_perfmon pebs bts rep_good nopl xtopology nonstop_tsc aperfmperf pni pclmulqdq dtes64 monitor ds_cpl vmx est tm2 ssse3 cx16 xtpr pdcm pcid sse4_1 sse4_2 x2apic popcnt tsc_deadline_timer xsave avx lahf_lm ida arat epb xsaveopt pln pts dtherm tpr_shadow vnmi flexpriority ept vpid
bogomips	: 4390.23
clflush size	: 64
cache_alignment	: 64
address sizes	: 36 bits physical, 48 bits virtual
power management:

processor	: 3
vendor_id	: GenuineIntel
cpu family	: 6
model		: 42
model name	: Intel(R) Core(TM) i7-2670QM CPU @ 2.20GHz
stepping	: 7
microcode	: 0x15
cpu MHz		: 2201.000
cache size	: 6144 KB
physical id	: 0
siblings	: 8
core id		: 3
cpu cores	: 4
apicid		: 6
initial apicid	: 6
fpu		: yes
fpu_exception	: yes
cpuid level	: 13
wp		: yes
flags		: fpu vme de pse tsc msr pae mce cx8 apic sep mtrr pge mca cmov pat pse36 clflush dts acpi mmx fxsr sse sse2 ss ht tm pbe syscall nx rdtscp lm constant_tsc arch_perfmon pebs bts rep_good nopl xtopology nonstop_tsc aperfmperf pni pclmulqdq dtes64 monitor ds_cpl vmx est tm2 ssse3 cx16 xtpr pdcm pcid sse4_1 sse4_2 x2apic popcnt tsc_deadline_timer xsave avx lahf_lm ida arat epb xsaveopt pln pts dtherm tpr_shadow vnmi flexpriority ept vpid
bogomips	: 4390.23
clflush size	: 64
cache_alignment	: 64
address sizes	: 36 bits physical, 48 bits virtual
power management:

processor	: 4
vendor_id	: GenuineIntel
cpu family	: 6
model		: 42
model name	: Intel(R) Core(TM) i7-2670QM CPU @ 2.20GHz
stepping	: 7
microcode	: 0x15
cpu MHz		: 2201.000
cache size	: 6144 KB
physical id	: 0
siblings	: 8
core id		: 0
cpu cores	: 4
apicid		: 1
initial apicid	: 1
fpu		: yes
fpu_exception	: yes
cpuid level	: 13
wp		: yes
flags		: fpu vme de pse tsc msr pae mce cx8 apic sep mtrr pge mca cmov pat pse36 clflush dts acpi mmx fxsr sse sse2 ss ht tm pbe syscall nx rdtscp lm constant_tsc arch_perfmon pebs bts rep_good nopl xtopology nonstop_tsc aperfmperf pni pclmulqdq dtes64 monitor ds_cpl vmx est tm2 ssse3 cx16 xtpr pdcm pcid sse4_1 sse4_2 x2apic popcnt tsc_deadline_timer xsave avx lahf_lm ida arat epb xsaveopt pln pts dtherm tpr_shadow vnmi flexpriority ept vpid
bogomips	: 4390.23
clflush size	: 64
cache_alignment	: 64
address sizes	: 36 bits physical, 48 bits virtual
power management:

processor	: 5
vendor_id	: GenuineIntel
cpu family	: 6
model		: 42
model name	: Intel(R) Core(TM) i7-2670QM CPU @ 2.20GHz
stepping	: 7
microcode	: 0x15
cpu MHz		: 2201.000
cache size	: 6144 KB
physical id	: 0
siblings	: 8
core id		: 1
cpu cores	: 4
apicid		: 3
initial apicid	: 3
fpu		: yes
fpu_exception	: yes
cpuid level	: 13
wp		: yes
flags		: fpu vme de pse tsc msr pae mce cx8 apic sep mtrr pge mca cmov pat pse36 clflush dts acpi mmx fxsr sse sse2 ss ht tm pbe syscall nx rdtscp lm constant_tsc arch_perfmon pebs bts rep_good nopl xtopology nonstop_tsc aperfmperf pni pclmulqdq dtes64 monitor ds_cpl vmx est tm2 ssse3 cx16 xtpr pdcm pcid sse4_1 sse4_2 x2apic popcnt tsc_deadline_timer xsave avx lahf_lm ida arat epb xsaveopt pln pts dtherm tpr_shadow vnmi flexpriority ept vpid
bogomips	: 4390.23
clflush size	: 64
cache_alignment	: 64
address sizes	: 36 bits physical, 48 bits virtual
power management:

processor	: 6
vendor_id	: GenuineIntel
cpu family	: 6
model		: 42
model name	: Intel(R) Core(TM) i7-2670QM CPU @ 2.20GHz
stepping	: 7
microcode	: 0x15
cpu MHz		: 2201.000
cache size	: 6144 KB
physical id	: 0
siblings	: 8
core id		: 2
cpu cores	: 4
apicid		: 5
initial apicid	: 5
fpu		: yes
fpu_exception	: yes
cpuid level	: 13
wp		: yes
flags		: fpu vme de pse tsc msr pae mce cx8 apic sep mtrr pge mca cmov pat pse36 clflush dts acpi mmx fxsr sse sse2 ss ht tm pbe syscall nx rdtscp lm constant_tsc arch_perfmon pebs bts rep_good nopl xtopology nonstop_tsc aperfmperf pni pclmulqdq dtes64 monitor ds_cpl vmx est tm2 ssse3 cx16 xtpr pdcm pcid sse4_1 sse4_2 x2apic popcnt tsc_deadline_timer xsave avx lahf_lm ida arat epb xsaveopt pln pts dtherm tpr_shadow vnmi flexpriority ept vpid
bogomips	: 4390.23
clflush size	: 64
cache_alignment	: 64
address sizes	: 36 bits physical, 48 bits virtual
power management:

processor	: 7
vendor_id	: GenuineIntel
cpu family	: 6
model		: 42
model name	: Intel(R) Core(TM) i7-2670QM CPU @ 2.20GHz
stepping	: 7
microcode	: 0x15
cpu MHz		: 2201.000
cache size	: 6144 KB
physical id	: 0
siblings	: 8
core id		: 3
cpu cores	: 4
apicid		: 7
initial apicid	: 7
fpu		: yes
fpu_exception	: yes
cpuid level	: 13
wp		: yes
flags		: fpu vme de pse tsc msr pae mce cx8 apic sep mtrr pge mca cmov pat pse36 clflush dts acpi mmx fxsr sse sse2 ss ht tm pbe syscall nx rdtscp lm constant_tsc arch_perfmon pebs bts rep_good nopl xtopology nonstop_tsc aperfmperf pni pclmulqdq dtes64 monitor ds_cpl vmx est tm2 ssse3 cx16 xtpr pdcm pcid sse4_1 sse4_2 x2apic popcnt tsc_deadline_timer xsave avx lahf_lm ida arat epb xsaveopt pln pts dtherm tpr_shadow vnmi flexpriority ept vpid
bogomips	: 4390.23
clflush size	: 64
cache_alignment	: 64
address sizes	: 36 bits physical, 48 bits virtual
power management:



Memory: 4k page, physical 16390472k(9769908k free), swap 4194300k(4194300k free)

vm_info: Java HotSpot(TM) 64-Bit Server VM (23.6-b04) for linux-amd64 JRE (1.7.0_10-b18), built on Nov 28 2012 03:39:52 by "java_re" with gcc 4.3.0 20080428 (Red Hat 4.3.0-8)

time: Wed Jan  9 23:27:10 2013
elapsed time: 80 seconds

