#
# A fatal error has been detected by the Java Runtime Environment:
#
#  SIGSEGV (0xb) at pc=0x00007fca826708f9, pid=22227, tid=140507738445568
#
# JRE version: 7.0_10-b18
# Java VM: Java HotSpot(TM) 64-Bit Server VM (23.6-b04 mixed mode linux-amd64 compressed oops)
# Problematic frame:
# C  [libpcap.so+0xc8f9]  _init+0x5131
#
# Failed to write core dump. Core dumps have been disabled. To enable core dumping, try "ulimit -c unlimited" before starting Java again
#
# If you would like to submit a bug report, please visit:
#   http://bugreport.sun.com/bugreport/crash.jsp
# The crash happened outside the Java Virtual Machine in native code.
# See problematic frame for where to report the bug.
#

---------------  T H R E A D  ---------------

Current thread (0x00007fcaa026b000):  JavaThread "Thread-0" [_thread_in_native, id=22249, stack(0x00007fca81c69000,0x00007fca81d6a000)]

siginfo:si_signo=SIGSEGV: si_errno=0, si_code=1 (SEGV_MAPERR), si_addr=0x00007fca81dca000

Registers:
RAX=0x0000000000000001, RBX=0x00007fcaa0259a30, RCX=0x00007fcaa0003b90, RDX=0x00007fcaa5e0f5f0
RSP=0x00007fca81d68650, RBP=0x00007fca81dca000, RSI=0x0000000000000000, RDI=0x00007fcaa0259a30
R8 =0x00007fcaa5e0f600, R9 =0x736d6972702f6d76, R10=0x7070632e696e6a2f, R11=0x00007fca82beff8a
R12=0x0000000000000003, R13=0x00007fca81dca046, R14=0x00000000000000aa, R15=0x00000000ffffffff
RIP=0x00007fca826708f9, EFLAGS=0x0000000000010246, CSGSFS=0x0000000000000033, ERR=0x0000000000000006
  TRAPNO=0x000000000000000e

Top of Stack: (sp=0x00007fca81d68650)
0x00007fca81d68650:   0000000000000000 0000000700fcb4d0
0x00007fca81d68660:   000000000022a4d8 0000000000000000
0x00007fca81d68670:   00007fca81d688d8 00007fca82bf5181
0x00007fca81d68680:   00007fca81d68760 01007fcaa682c944
0x00007fca81d68690:   0000000050ee18ff 00000000000e229d
0x00007fca81d686a0:   000000aa000000aa 00007fca82666da0
0x00007fca81d686b0:   000100010000000f 0000000700fcb4d0
0x00007fca81d686c0:   00007fca81d687e0 00007fcaa0259a30
0x00007fca81d686d0:   00000000ffffffff 00007fca81d68760
0x00007fca81d686e0:   00007fca82bf5181 00007fca81d688d8
0x00007fca81d686f0:   00007fcaa026b000 00007fca826743a1
0x00007fca81d68700:   00007fcaa0259a30 0000000700fcb4d0
0x00007fca81d68710:   00007fca81d687e0 0000000000000000
0x00007fca81d68720:   0000000700fcb4d0 00007fca82bef0f8
0x00007fca81d68730:   00007fca5000a6f8 00007fca81d688b8
0x00007fca81d68740:   00007fca81d688c0 ffffffff00000001
0x00007fca81d68750:   00007fca81d688d8 00007fcaa026b1d8
0x00007fca81d68760:   00007fcaa0259a30 00007fcaa0093958
0x00007fca81d68770:   00007fcaa026b1d8 00007fca81d688c0
0x00007fca81d68780:   00007fca81d688d8 0000000000000000
0x00007fca81d68790:   00007fca81d688b8 00007fca81d688a0
0x00007fca81d687a0:   00007fca81d688b0 00007fca81d688a8
0x00007fca81d687b0:   0000000700000001 00007fca81d68898
0x00007fca81d687c0:   0000000700fcb4d0 00007fca81d688d8
0x00007fca81d687d0:   00007fcaa0259a30 00007fca9cbe9e29
0x00007fca81d687e0:   00007fca81d68878 00007fca9cbe9f90
0x00007fca81d687f0:   00007fca81d688b0 00007fca81d688a8
0x00007fca81d68800:   00007fca81d688a0 00007fca81d68898
0x00007fca81d68810:   0000000700fcfda8 0000000000000000
0x00007fca81d68820:   00007fca81d68848 00007fca81d68888
0x00007fca81d68830:   00007fcaa026b000 00007fca81d68838
0x00007fca81d68840:   0000000700fcac58 00007fca81d688d8 

Instructions: (pc=0x00007fca826708f9)
0x00007fca826708d9:   f8 01 0f 8e 95 fe ff ff 83 e8 01 89 43 7c e9 4a
0x00007fca826708e9:   fe ff ff 0f 1f 40 00 83 f8 01 0f 85 14 ff ff ff
0x00007fca826708f9:   c7 45 00 00 00 00 00 e9 08 ff ff ff 0f 1f 00 83
0x00007fca82670909:   fa 01 0f 85 94 fd ff ff 44 8b 08 45 85 c9 0f 85 

Register to memory mapping:

RAX=0x0000000000000001 is an unknown value
RBX=0x00007fcaa0259a30 is an unknown value
RCX=0x00007fcaa0003b90 is an unknown value
RDX=0x00007fcaa5e0f5f0: <offset 0xcf55f0> in /opt/oracle-jdk-bin-1.7.0.10/jre/lib/amd64/server/libjvm.so at 0x00007fcaa511a000
RSP=0x00007fca81d68650 is pointing into the stack for thread: 0x00007fcaa026b000
RBP=0x00007fca81dca000 is an unknown value
RSI=0x0000000000000000 is an unknown value
RDI=0x00007fcaa0259a30 is an unknown value
R8 =0x00007fcaa5e0f600: <offset 0xcf5600> in /opt/oracle-jdk-bin-1.7.0.10/jre/lib/amd64/server/libjvm.so at 0x00007fcaa511a000
R9 =0x736d6972702f6d76 is an unknown value
R10=0x7070632e696e6a2f is an unknown value
R11=0x00007fca82beff8a: _ZN7JNIEnv_5ThrowEP11_jthrowable+0 in /usr/lib64/libjnetpcap.so at 0x00007fca82bdf000
R12=0x0000000000000003 is an unknown value
R13=0x00007fca81dca046 is an unknown value
R14=0x00000000000000aa is an unknown value
R15=0x00000000ffffffff is an unknown value


Stack: [0x00007fca81c69000,0x00007fca81d6a000],  sp=0x00007fca81d68650,  free space=1021k
Native frames: (J=compiled Java code, j=interpreted, Vv=VM code, C=native code)
C  [libpcap.so+0xc8f9]  _init+0x5131

[error occurred during error reporting (printing native stack), id 0xb]

Java frames: (J=compiled Java code, j=interpreted, Vv=VM code)
j  org.jnetpcap.Pcap.loop(IILorg/jnetpcap/packet/JPacketHandler;Ljava/lang/Object;Lorg/jnetpcap/packet/JPacket;Lorg/jnetpcap/packet/JPacket$State;Lorg/jnetpcap/PcapHeader;Lorg/jnetpcap/packet/JScanner;)I+0
j  org.jnetpcap.Pcap.loop(ILorg/jnetpcap/packet/JPacketHandler;Ljava/lang/Object;)I+35
j  br.ufsm.psniffstat.thread.JNetPcap.run()V+11
v  ~StubRoutines::call_stub

---------------  P R O C E S S  ---------------

Java Threads: ( => current thread )
=>0x00007fcaa026b000 JavaThread "Thread-0" [_thread_in_native, id=22249, stack(0x00007fca81c69000,0x00007fca81d6a000)]
  0x00007fcaa0213800 JavaThread "DisposableGC" daemon [_thread_blocked, id=22248, stack(0x00007fca8234d000,0x00007fca8244e000)]
  0x00007fcaa00f9000 JavaThread "Service Thread" daemon [_thread_blocked, id=22246, stack(0x00007fca82feb000,0x00007fca830ec000)]
  0x00007fcaa00f6800 JavaThread "C2 CompilerThread1" daemon [_thread_blocked, id=22245, stack(0x00007fca830ec000,0x00007fca831ed000)]
  0x00007fcaa00f3800 JavaThread "C2 CompilerThread0" daemon [_thread_blocked, id=22244, stack(0x00007fca831ed000,0x00007fca832ee000)]
  0x00007fcaa00f1800 JavaThread "Signal Dispatcher" daemon [_thread_blocked, id=22243, stack(0x00007fca832ee000,0x00007fca833ef000)]
  0x00007fcaa00a4800 JavaThread "Finalizer" daemon [_thread_blocked, id=22242, stack(0x00007fca835f6000,0x00007fca836f7000)]
  0x00007fcaa00a2000 JavaThread "Reference Handler" daemon [_thread_blocked, id=22241, stack(0x00007fca836f7000,0x00007fca837f8000)]
  0x00007fcaa0009000 JavaThread "main" [_thread_blocked, id=22231, stack(0x00007fcaa6902000,0x00007fcaa6a03000)]

Other Threads:
  0x00007fcaa009a800 VMThread [stack: 0x00007fca837f8000,0x00007fca838f9000] [id=22240]
  0x00007fcaa010b800 WatcherThread [stack: 0x00007fca82eea000,0x00007fca82feb000] [id=22247]

VM state:not at safepoint (normal execution)

VM Mutex/Monitor currently owned by a thread: None

Heap
 PSYoungGen      total 74752K, used 1915K [0x00000007aca00000, 0x00000007b1d60000, 0x0000000800000000)
  eden space 64128K, 2% used [0x00000007aca00000,0x00000007acbdee68,0x00000007b08a0000)
  from space 10624K, 0% used [0x00000007b08a0000,0x00000007b08a0000,0x00000007b1300000)
  to   space 10624K, 0% used [0x00000007b1300000,0x00000007b1300000,0x00000007b1d60000)
 ParOldGen       total 170752K, used 31951K [0x0000000705e00000, 0x00000007104c0000, 0x00000007aca00000)
  object space 170752K, 18% used [0x0000000705e00000,0x0000000707d33df0,0x00000007104c0000)
 PSPermGen       total 21248K, used 6554K [0x0000000700c00000, 0x00000007020c0000, 0x0000000705e00000)
  object space 21248K, 30% used [0x0000000700c00000,0x0000000701266b60,0x00000007020c0000)

Card table byte_map: [0x00007fca9c3dd000,0x00007fca9cbd8000] byte_map_base: 0x00007fca98bd7000

Polling page: 0x00007fcaa6a3e000

Code Cache  [0x00007fca9cbd8000, 0x00007fca9ce48000, 0x00007fca9fbd8000)
 total_blobs=367 nmethods=136 adapters=183 free_code_cache=48527Kb largest_free_block=49669504

Compilation events (10 events):
Event: 3,903 Thread 0x00007fcaa00f3800 nmethod 131 0x00007fca9cc74390 code [0x00007fca9cc74520, 0x00007fca9cc74ca8]
Event: 3,903 Thread 0x00007fcaa00f3800  133             br.ufsm.psniffstat.thread.JNetPcap::access$008 (12 bytes)
Event: 3,903 Thread 0x00007fcaa00f3800 nmethod 133 0x00007fca9cc70a90 code [0x00007fca9cc70bc0, 0x00007fca9cc70c18]
Event: 3,903 Thread 0x00007fcaa00f3800  134  s          br.ufsm.psniffstat.buffer.PacketsBuffer::addPacket (11 bytes)
Event: 3,904 Thread 0x00007fcaa00f6800 nmethod 132 0x00007fca9cc76fd0 code [0x00007fca9cc77160, 0x00007fca9cc778c8]
Event: 3,904 Thread 0x00007fcaa00f6800  135  s          br.ufsm.psniffstat.buffer.PacketsBuffer::getPacketsList (20 bytes)
Event: 3,905 Thread 0x00007fcaa00f6800 nmethod 135 0x00007fca9cc75210 code [0x00007fca9cc75360, 0x00007fca9cc755b8]
Event: 3,906 Thread 0x00007fcaa00f3800 nmethod 134 0x00007fca9cc76450 code [0x00007fca9cc765e0, 0x00007fca9cc76d28]
Event: 17,077 Thread 0x00007fcaa00f6800    1 %s          java.util.Vector::removeAllElements @ 12 (39 bytes)
Event: 17,080 Thread 0x00007fcaa00f6800 nmethod 1% 0x00007fca9cc77c50 code [0x00007fca9cc77da0, 0x00007fca9cc78038]

GC Heap History (10 events):
Event: 16,436 GC heap before
{Heap before GC invocations=82 (full 41):
 PSYoungGen      total 74752K, used 0K [0x00000007aca00000, 0x00000007b1d60000, 0x0000000800000000)
  eden space 64128K, 0% used [0x00000007aca00000,0x00000007aca00000,0x00000007b08a0000)
  from space 10624K, 0% used [0x00000007b08a0000,0x00000007b08a0000,0x00000007b1300000)
  to   space 10624K, 0% used [0x00000007b1300000,0x00000007b1300000,0x00000007b1d60000)
 ParOldGen       total 170752K, used 31951K [0x0000000705e00000, 0x00000007104c0000, 0x00000007aca00000)
  object space 170752K, 18% used [0x0000000705e00000,0x0000000707d33df0,0x00000007104c0000)
 PSPermGen       total 21248K, used 6554K [0x0000000700c00000, 0x00000007020c0000, 0x0000000705e00000)
  object space 21248K, 30% used [0x0000000700c00000,0x00000007012669d0,0x00000007020c0000)
Event: 16,513 GC heap after
Heap after GC invocations=82 (full 41):
 PSYoungGen      total 74752K, used 0K [0x00000007aca00000, 0x00000007b1d60000, 0x0000000800000000)
  eden space 64128K, 0% used [0x00000007aca00000,0x00000007aca00000,0x00000007b08a0000)
  from space 10624K, 0% used [0x00000007b08a0000,0x00000007b08a0000,0x00000007b1300000)
  to   space 10624K, 0% used [0x00000007b1300000,0x00000007b1300000,0x00000007b1d60000)
 ParOldGen       total 170752K, used 31951K [0x0000000705e00000, 0x00000007104c0000, 0x00000007aca00000)
  object space 170752K, 18% used [0x0000000705e00000,0x0000000707d33df0,0x00000007104c0000)
 PSPermGen       total 21248K, used 6554K [0x0000000700c00000, 0x00000007020c0000, 0x0000000705e00000)
  object space 21248K, 30% used [0x0000000700c00000,0x00000007012669d0,0x00000007020c0000)
}
Event: 16,715 GC heap before
{Heap before GC invocations=83 (full 41):
 PSYoungGen      total 74752K, used 0K [0x00000007aca00000, 0x00000007b1d60000, 0x0000000800000000)
  eden space 64128K, 0% used [0x00000007aca00000,0x00000007aca00000,0x00000007b08a0000)
  from space 10624K, 0% used [0x00000007b08a0000,0x00000007b08a0000,0x00000007b1300000)
  to   space 10624K, 0% used [0x00000007b1300000,0x00000007b1300000,0x00000007b1d60000)
 ParOldGen       total 170752K, used 31951K [0x0000000705e00000, 0x00000007104c0000, 0x00000007aca00000)
  object space 170752K, 18% used [0x0000000705e00000,0x0000000707d33df0,0x00000007104c0000)
 PSPermGen       total 21248K, used 6554K [0x0000000700c00000, 0x00000007020c0000, 0x0000000705e00000)
  object space 21248K, 30% used [0x0000000700c00000,0x00000007012669d0,0x00000007020c0000)
Event: 16,716 GC heap after
Heap after GC invocations=83 (full 41):
 PSYoungGen      total 74752K, used 0K [0x00000007aca00000, 0x00000007b1d60000, 0x0000000800000000)
  eden space 64128K, 0% used [0x00000007aca00000,0x00000007aca00000,0x00000007b08a0000)
  from space 10624K, 0% used [0x00000007b1300000,0x00000007b1300000,0x00000007b1d60000)
  to   space 10624K, 0% used [0x00000007b08a0000,0x00000007b08a0000,0x00000007b1300000)
 ParOldGen       total 170752K, used 31951K [0x0000000705e00000, 0x00000007104c0000, 0x00000007aca00000)
  object space 170752K, 18% used [0x0000000705e00000,0x0000000707d33df0,0x00000007104c0000)
 PSPermGen       total 21248K, used 6554K [0x0000000700c00000, 0x00000007020c0000, 0x0000000705e00000)
  object space 21248K, 30% used [0x0000000700c00000,0x00000007012669d0,0x00000007020c0000)
}
Event: 16,716 GC heap before
{Heap before GC invocations=84 (full 42):
 PSYoungGen      total 74752K, used 0K [0x00000007aca00000, 0x00000007b1d60000, 0x0000000800000000)
  eden space 64128K, 0% used [0x00000007aca00000,0x00000007aca00000,0x00000007b08a0000)
  from space 10624K, 0% used [0x00000007b1300000,0x00000007b1300000,0x00000007b1d60000)
  to   space 10624K, 0% used [0x00000007b08a0000,0x00000007b08a0000,0x00000007b1300000)
 ParOldGen       total 170752K, used 31951K [0x0000000705e00000, 0x00000007104c0000, 0x00000007aca00000)
  object space 170752K, 18% used [0x0000000705e00000,0x0000000707d33df0,0x00000007104c0000)
 PSPermGen       total 21248K, used 6554K [0x0000000700c00000, 0x00000007020c0000, 0x0000000705e00000)
  object space 21248K, 30% used [0x0000000700c00000,0x00000007012669d0,0x00000007020c0000)
Event: 16,798 GC heap after
Heap after GC invocations=84 (full 42):
 PSYoungGen      total 74752K, used 0K [0x00000007aca00000, 0x00000007b1d60000, 0x0000000800000000)
  eden space 64128K, 0% used [0x00000007aca00000,0x00000007aca00000,0x00000007b08a0000)
  from space 10624K, 0% used [0x00000007b1300000,0x00000007b1300000,0x00000007b1d60000)
  to   space 10624K, 0% used [0x00000007b08a0000,0x00000007b08a0000,0x00000007b1300000)
 ParOldGen       total 170752K, used 31951K [0x0000000705e00000, 0x00000007104c0000, 0x00000007aca00000)
  object space 170752K, 18% used [0x0000000705e00000,0x0000000707d33df0,0x00000007104c0000)
 PSPermGen       total 21248K, used 6554K [0x0000000700c00000, 0x00000007020c0000, 0x0000000705e00000)
  object space 21248K, 30% used [0x0000000700c00000,0x00000007012669d0,0x00000007020c0000)
}
Event: 16,999 GC heap before
{Heap before GC invocations=85 (full 42):
 PSYoungGen      total 74752K, used 0K [0x00000007aca00000, 0x00000007b1d60000, 0x0000000800000000)
  eden space 64128K, 0% used [0x00000007aca00000,0x00000007aca00000,0x00000007b08a0000)
  from space 10624K, 0% used [0x00000007b1300000,0x00000007b1300000,0x00000007b1d60000)
  to   space 10624K, 0% used [0x00000007b08a0000,0x00000007b08a0000,0x00000007b1300000)
 ParOldGen       total 170752K, used 31951K [0x0000000705e00000, 0x00000007104c0000, 0x00000007aca00000)
  object space 170752K, 18% used [0x0000000705e00000,0x0000000707d33df0,0x00000007104c0000)
 PSPermGen       total 21248K, used 6554K [0x0000000700c00000, 0x00000007020c0000, 0x0000000705e00000)
  object space 21248K, 30% used [0x0000000700c00000,0x00000007012669d0,0x00000007020c0000)
Event: 17,000 GC heap after
Heap after GC invocations=85 (full 42):
 PSYoungGen      total 74752K, used 0K [0x00000007aca00000, 0x00000007b1d60000, 0x0000000800000000)
  eden space 64128K, 0% used [0x00000007aca00000,0x00000007aca00000,0x00000007b08a0000)
  from space 10624K, 0% used [0x00000007b08a0000,0x00000007b08a0000,0x00000007b1300000)
  to   space 10624K, 0% used [0x00000007b1300000,0x00000007b1300000,0x00000007b1d60000)
 ParOldGen       total 170752K, used 31951K [0x0000000705e00000, 0x00000007104c0000, 0x00000007aca00000)
  object space 170752K, 18% used [0x0000000705e00000,0x0000000707d33df0,0x00000007104c0000)
 PSPermGen       total 21248K, used 6554K [0x0000000700c00000, 0x00000007020c0000, 0x0000000705e00000)
  object space 21248K, 30% used [0x0000000700c00000,0x00000007012669d0,0x00000007020c0000)
}
Event: 17,000 GC heap before
{Heap before GC invocations=86 (full 43):
 PSYoungGen      total 74752K, used 0K [0x00000007aca00000, 0x00000007b1d60000, 0x0000000800000000)
  eden space 64128K, 0% used [0x00000007aca00000,0x00000007aca00000,0x00000007b08a0000)
  from space 10624K, 0% used [0x00000007b08a0000,0x00000007b08a0000,0x00000007b1300000)
  to   space 10624K, 0% used [0x00000007b1300000,0x00000007b1300000,0x00000007b1d60000)
 ParOldGen       total 170752K, used 31951K [0x0000000705e00000, 0x00000007104c0000, 0x00000007aca00000)
  object space 170752K, 18% used [0x0000000705e00000,0x0000000707d33df0,0x00000007104c0000)
 PSPermGen       total 21248K, used 6554K [0x0000000700c00000, 0x00000007020c0000, 0x0000000705e00000)
  object space 21248K, 30% used [0x0000000700c00000,0x00000007012669d0,0x00000007020c0000)
Event: 17,077 GC heap after
Heap after GC invocations=86 (full 43):
 PSYoungGen      total 74752K, used 0K [0x00000007aca00000, 0x00000007b1d60000, 0x0000000800000000)
  eden space 64128K, 0% used [0x00000007aca00000,0x00000007aca00000,0x00000007b08a0000)
  from space 10624K, 0% used [0x00000007b08a0000,0x00000007b08a0000,0x00000007b1300000)
  to   space 10624K, 0% used [0x00000007b1300000,0x00000007b1300000,0x00000007b1d60000)
 ParOldGen       total 170752K, used 31951K [0x0000000705e00000, 0x00000007104c0000, 0x00000007aca00000)
  object space 170752K, 18% used [0x0000000705e00000,0x0000000707d33df0,0x00000007104c0000)
 PSPermGen       total 21248K, used 6554K [0x0000000700c00000, 0x00000007020c0000, 0x0000000705e00000)
  object space 21248K, 30% used [0x0000000700c00000,0x00000007012669d0,0x00000007020c0000)
}

Deoptimization events (9 events):
Event: 1,023 Thread 0x00007fcaa026b000 Uncommon trap -34 fr.pc 0x00007fca9cc44784
Event: 1,023 Thread 0x00007fcaa026b000 Uncommon trap -34 fr.pc 0x00007fca9cc44784
Event: 1,023 Thread 0x00007fcaa026b000 Uncommon trap -34 fr.pc 0x00007fca9cc4482c
Event: 1,023 Thread 0x00007fcaa026b000 Uncommon trap -34 fr.pc 0x00007fca9cc4482c
Event: 1,024 Thread 0x00007fcaa026b000 Uncommon trap -34 fr.pc 0x00007fca9cc4482c
Event: 1,024 Thread 0x00007fcaa026b000 Uncommon trap -34 fr.pc 0x00007fca9cc4482c
Event: 1,184 Thread 0x00007fcaa026b000 Uncommon trap -12 fr.pc 0x00007fca9cc58e5c
Event: 1,187 Thread 0x00007fcaa026b000 Uncommon trap -12 fr.pc 0x00007fca9cc62600
Event: 5,094 Thread 0x00007fcaa026b000 Uncommon trap -83 fr.pc 0x00007fca9cc6e708

Internal exceptions (10 events):
Event: 1,133 Thread 0x00007fcaa026b000 Threw 0x00000007ad69ac30 at /HUDSON/workspace/jdk7u10-2-build-linux-amd64-product/jdk7u10/hotspot/src/share/vm/prims/jvm.cpp:1166
Event: 1,135 Thread 0x00007fcaa026b000 Threw 0x00000007ad6b8c10 at /HUDSON/workspace/jdk7u10-2-build-linux-amd64-product/jdk7u10/hotspot/src/share/vm/prims/jvm.cpp:1166
Event: 1,136 Thread 0x00007fcaa026b000 Threw 0x00000007ad6bf518 at /HUDSON/workspace/jdk7u10-2-build-linux-amd64-product/jdk7u10/hotspot/src/share/vm/prims/jvm.cpp:1166
Event: 1,142 Thread 0x00007fcaa026b000 Threw 0x00000007ad6fa688 at /HUDSON/workspace/jdk7u10-2-build-linux-amd64-product/jdk7u10/hotspot/src/share/vm/prims/jvm.cpp:1166
Event: 1,142 Thread 0x00007fcaa026b000 Threw 0x00000007ad6feda8 at /HUDSON/workspace/jdk7u10-2-build-linux-amd64-product/jdk7u10/hotspot/src/share/vm/prims/jvm.cpp:1166
Event: 1,184 Thread 0x00007fcaa026b000 Implicit null exception at 0x00007fca9cc58cb0 to 0x00007fca9cc58e50
Event: 1,187 Thread 0x00007fcaa026b000 Implicit null exception at 0x00007fca9cc61408 to 0x00007fca9cc625f5
Event: 3,759 Thread 0x00007fcaa026b000 Threw 0x00000007adafd1c0 at /HUDSON/workspace/jdk7u10-2-build-linux-amd64-product/jdk7u10/hotspot/src/share/vm/prims/jvm.cpp:1166
Event: 17,153 Thread 0x00007fcaa026b000 Threw 0x00000007acab1320 at /HUDSON/workspace/jdk7u10-2-build-linux-amd64-product/jdk7u10/hotspot/src/share/vm/prims/jni.cpp:742
Event: 17,153 Thread 0x00007fcaa026b000 Threw 0x00000007acab1440 at /HUDSON/workspace/jdk7u10-2-build-linux-amd64-product/jdk7u10/hotspot/src/share/vm/prims/jni.cpp:716

Events (10 events):
Event: 15,885 Executing VM operation: ParallelGCSystemGC
Event: 15,959 Executing VM operation: ParallelGCSystemGC done
Event: 16,161 Executing VM operation: ParallelGCSystemGC
Event: 16,234 Executing VM operation: ParallelGCSystemGC done
Event: 16,435 Executing VM operation: ParallelGCSystemGC
Event: 16,514 Executing VM operation: ParallelGCSystemGC done
Event: 16,715 Executing VM operation: ParallelGCSystemGC
Event: 16,798 Executing VM operation: ParallelGCSystemGC done
Event: 16,999 Executing VM operation: ParallelGCSystemGC
Event: 17,077 Executing VM operation: ParallelGCSystemGC done


Dynamic libraries:
00200000-00401000 r-xp 00000000 fe:01 2372939                            /opt/oracle-jdk-bin-1.7.0.10/bin/java
00600000-00601000 rw-p 00200000 fe:01 2372939                            /opt/oracle-jdk-bin-1.7.0.10/bin/java
00601000-00622000 rw-p 00000000 00:00 0                                  [heap]
700c00000-7020c0000 rw-p 00000000 00:00 0 
7020c0000-705e00000 rw-p 00000000 00:00 0 
705e00000-7104c0000 rw-p 00000000 00:00 0 
7104c0000-7aca00000 rw-p 00000000 00:00 0 
7aca00000-7b1d60000 rw-p 00000000 00:00 0 
7b1d60000-800000000 rw-p 00000000 00:00 0 
7fca38000000-7fca38273000 rw-p 00000000 00:00 0 
7fca38273000-7fca3c000000 ---p 00000000 00:00 0 
7fca40000000-7fca40021000 rw-p 00000000 00:00 0 
7fca40021000-7fca44000000 ---p 00000000 00:00 0 
7fca44000000-7fca48000000 rw-p 00000000 00:00 0 
7fca48000000-7fca48021000 rw-p 00000000 00:00 0 
7fca48021000-7fca4c000000 ---p 00000000 00:00 0 
7fca4c000000-7fca4c021000 rw-p 00000000 00:00 0 
7fca4c021000-7fca50000000 ---p 00000000 00:00 0 
7fca50000000-7fca500d5000 rw-p 00000000 00:00 0 
7fca500d5000-7fca500da000 rw-p 00000000 00:00 0 
7fca500da000-7fca50194000 rw-p 00000000 00:00 0 
7fca50194000-7fca501b6000 rw-p 00000000 00:00 0 
7fca501b6000-7fca50238000 rw-p 00000000 00:00 0 
7fca50238000-7fca50248000 rw-p 00000000 00:00 0 
7fca50248000-7fca50278000 rw-p 00000000 00:00 0 
7fca50278000-7fca5034f000 ---p 00000000 00:00 0 
7fca5034f000-7fca54000000 ---p 00000000 00:00 0 
7fca54000000-7fca5407d000 rw-p 00000000 00:00 0 
7fca5407d000-7fca54088000 rw-p 00000000 00:00 0 
7fca54088000-7fca540de000 rw-p 00000000 00:00 0 
7fca540de000-7fca540e4000 rw-p 00000000 00:00 0 
7fca540e4000-7fca54104000 rw-p 00000000 00:00 0 
7fca54104000-7fca54107000 rw-p 00000000 00:00 0 
7fca54107000-7fca541a9000 rw-p 00000000 00:00 0 
7fca541a9000-7fca542aa000 ---p 00000000 00:00 0 
7fca542aa000-7fca58000000 ---p 00000000 00:00 0 
7fca58000000-7fca58021000 rw-p 00000000 00:00 0 
7fca58021000-7fca5c000000 ---p 00000000 00:00 0 
7fca5c000000-7fca5c021000 rw-p 00000000 00:00 0 
7fca5c021000-7fca60000000 ---p 00000000 00:00 0 
7fca60000000-7fca60021000 rw-p 00000000 00:00 0 
7fca60021000-7fca64000000 ---p 00000000 00:00 0 
7fca64060000-7fca6c000000 rw-p 00000000 00:00 0 
7fca6c000000-7fca6c021000 rw-p 00000000 00:00 0 
7fca6c021000-7fca70000000 ---p 00000000 00:00 0 
7fca70000000-7fca70021000 rw-p 00000000 00:00 0 
7fca70021000-7fca74000000 ---p 00000000 00:00 0 
7fca74000000-7fca74021000 rw-p 00000000 00:00 0 
7fca74021000-7fca78000000 ---p 00000000 00:00 0 
7fca7c000000-7fca7c021000 rw-p 00000000 00:00 0 
7fca7c021000-7fca80000000 ---p 00000000 00:00 0 
7fca81bce000-7fca81c69000 rw-p 00000000 00:00 0 
7fca81c69000-7fca81c6c000 ---p 00000000 00:00 0 
7fca81c6c000-7fca81d6a000 rw-p 00000000 00:00 0                          [stack:22249]
7fca8214a000-7fca8214c000 r-xp 00000000 fe:01 3423482                    /usr/lib64/libjnetpcap-pcap100.so
7fca8214c000-7fca8234b000 ---p 00002000 fe:01 3423482                    /usr/lib64/libjnetpcap-pcap100.so
7fca8234b000-7fca8234c000 r--p 00001000 fe:01 3423482                    /usr/lib64/libjnetpcap-pcap100.so
7fca8234c000-7fca8234d000 rw-p 00002000 fe:01 3423482                    /usr/lib64/libjnetpcap-pcap100.so
7fca8234d000-7fca82350000 ---p 00000000 00:00 0 
7fca82350000-7fca8244e000 rw-p 00000000 00:00 0                          [stack:22248]
7fca8244e000-7fca82463000 r-xp 00000000 fe:01 2671487                    /usr/lib64/gcc/x86_64-pc-linux-gnu/4.6.3/libgcc_s.so.1
7fca82463000-7fca82662000 ---p 00015000 fe:01 2671487                    /usr/lib64/gcc/x86_64-pc-linux-gnu/4.6.3/libgcc_s.so.1
7fca82662000-7fca82663000 r--p 00014000 fe:01 2671487                    /usr/lib64/gcc/x86_64-pc-linux-gnu/4.6.3/libgcc_s.so.1
7fca82663000-7fca82664000 rw-p 00015000 fe:01 2671487                    /usr/lib64/gcc/x86_64-pc-linux-gnu/4.6.3/libgcc_s.so.1
7fca82664000-7fca826a0000 r-xp 00000000 fe:01 2758721                    /usr/lib64/libpcap.so.1.3.0
7fca826a0000-7fca8289f000 ---p 0003c000 fe:01 2758721                    /usr/lib64/libpcap.so.1.3.0
7fca8289f000-7fca828a1000 r--p 0003b000 fe:01 2758721                    /usr/lib64/libpcap.so.1.3.0
7fca828a1000-7fca828a2000 rw-p 0003d000 fe:01 2758721                    /usr/lib64/libpcap.so.1.3.0
7fca828a2000-7fca828a3000 rw-p 00000000 00:00 0 
7fca828a3000-7fca82988000 r-xp 00000000 fe:01 2671472                    /usr/lib64/gcc/x86_64-pc-linux-gnu/4.6.3/libstdc++.so.6.0.16
7fca82988000-7fca82b88000 ---p 000e5000 fe:01 2671472                    /usr/lib64/gcc/x86_64-pc-linux-gnu/4.6.3/libstdc++.so.6.0.16
7fca82b88000-7fca82b90000 r--p 000e5000 fe:01 2671472                    /usr/lib64/gcc/x86_64-pc-linux-gnu/4.6.3/libstdc++.so.6.0.16
7fca82b90000-7fca82b92000 rw-p 000ed000 fe:01 2671472                    /usr/lib64/gcc/x86_64-pc-linux-gnu/4.6.3/libstdc++.so.6.0.16
7fca82b92000-7fca82ba7000 rw-p 00000000 00:00 0 
7fca82bdf000-7fca82c09000 r-xp 00000000 fe:01 3423483                    /usr/lib64/libjnetpcap.so
7fca82c09000-7fca82e08000 ---p 0002a000 fe:01 3423483                    /usr/lib64/libjnetpcap.so
7fca82e08000-7fca82e09000 r--p 00029000 fe:01 3423483                    /usr/lib64/libjnetpcap.so
7fca82e09000-7fca82e0a000 rw-p 0002a000 fe:01 3423483                    /usr/lib64/libjnetpcap.so
7fca82e0a000-7fca82e8e000 rw-p 00000000 00:00 0 
7fca82e8e000-7fca82e98000 r--s 00254000 fe:01 2374984                    /opt/oracle-jdk-bin-1.7.0.10/jre/lib/resources.jar
7fca82e98000-7fca82ea5000 r--s 000a1000 fe:04 10617555                   /home/tuxtor/.m2/repository/jnetpcap/jnetpcap/1.4.r1390-1a/jnetpcap-1.4.r1390-1a.jar
7fca82ea5000-7fca82eab000 r--s 00081000 fe:04 10617488                   /home/tuxtor/.m2/repository/org/ancoron/postgresql/org.postgresql/9.1.901.jdbc4.1-rc8/org.postgresql-9.1.901.jdbc4.1-rc8.jar
7fca82eab000-7fca82ead000 r--s 00005000 fe:04 17039603                   /home/tuxtor/.m2/repository/javax/jms/jms/1.1/jms-1.1.jar
7fca82ead000-7fca82eaf000 r--s 0000e000 fe:04 17039585                   /home/tuxtor/.m2/repository/javax/activation/activation/1.1/activation-1.1.jar
7fca82eaf000-7fca82eb5000 r--s 00059000 fe:04 17039584                   /home/tuxtor/.m2/repository/javax/mail/mail/1.4/mail-1.4.jar
7fca82eb5000-7fca82ebc000 r--s 00059000 fe:04 10617459                   /home/tuxtor/.m2/repository/log4j/log4j/1.2.15/log4j-1.2.15.jar
7fca82ebc000-7fca82ecb000 r--s 0006b000 fe:04 10617460                   /home/tuxtor/.m2/repository/geronimo-spec/geronimo-spec-j2ee/1.4-rc4/geronimo-spec-j2ee-1.4-rc4.jar
7fca82ecb000-7fca82ed8000 r--s 000d1000 fe:04 10617463                   /home/tuxtor/.m2/repository/xalan/xalan/2.3.1/xalan-2.3.1.jar
7fca82ed8000-7fca82ee2000 r--s 00094000 fe:04 10617462                   /home/tuxtor/.m2/repository/org/firebirdsql/jdbc/jaybird/2.1.6/jaybird-2.1.6.jar
7fca82ee2000-7fca82eea000 r--s 000c4000 fe:04 10617421                   /home/tuxtor/.m2/repository/mysql/mysql-connector-java/5.1.22/mysql-connector-java-5.1.22.jar
7fca82eea000-7fca82eeb000 ---p 00000000 00:00 0 
7fca82eeb000-7fca82feb000 rw-p 00000000 00:00 0                          [stack:22247]
7fca82feb000-7fca82fee000 ---p 00000000 00:00 0 
7fca82fee000-7fca830ec000 rw-p 00000000 00:00 0                          [stack:22246]
7fca830ec000-7fca830ef000 ---p 00000000 00:00 0 
7fca830ef000-7fca831ed000 rw-p 00000000 00:00 0                          [stack:22245]
7fca831ed000-7fca831f0000 ---p 00000000 00:00 0 
7fca831f0000-7fca832ee000 rw-p 00000000 00:00 0                          [stack:22244]
7fca832ee000-7fca832f1000 ---p 00000000 00:00 0 
7fca832f1000-7fca833ef000 rw-p 00000000 00:00 0                          [stack:22243]
7fca833ef000-7fca835f6000 r--p 00000000 fe:01 3670407                    /usr/lib64/locale/locale-archive
7fca835f6000-7fca835f9000 ---p 00000000 00:00 0 
7fca835f9000-7fca836f7000 rw-p 00000000 00:00 0                          [stack:22242]
7fca836f7000-7fca836fa000 ---p 00000000 00:00 0 
7fca836fa000-7fca837f8000 rw-p 00000000 00:00 0                          [stack:22241]
7fca837f8000-7fca837f9000 ---p 00000000 00:00 0 
7fca837f9000-7fca84000000 rw-p 00000000 00:00 0                          [stack:22240]
7fca84000000-7fca84021000 rw-p 00000000 00:00 0 
7fca84021000-7fca88000000 ---p 00000000 00:00 0 
7fca88000000-7fca88021000 rw-p 00000000 00:00 0 
7fca88021000-7fca8c000000 ---p 00000000 00:00 0 
7fca8c000000-7fca8c021000 rw-p 00000000 00:00 0 
7fca8c021000-7fca90000000 ---p 00000000 00:00 0 
7fca90000000-7fca90021000 rw-p 00000000 00:00 0 
7fca90021000-7fca94000000 ---p 00000000 00:00 0 
7fca94000000-7fca94021000 rw-p 00000000 00:00 0 
7fca94021000-7fca98000000 ---p 00000000 00:00 0 
7fca980b7000-7fca994d2000 rw-p 00000000 00:00 0 
7fca994d2000-7fca9968e000 r--s 039dc000 fe:01 2374974                    /opt/oracle-jdk-bin-1.7.0.10/jre/lib/rt.jar
7fca9968e000-7fca9b676000 rw-p 00000000 00:00 0 
7fca9b676000-7fca9b677000 ---p 00000000 00:00 0 
7fca9b677000-7fca9b777000 rw-p 00000000 00:00 0                          [stack:22239]
7fca9b777000-7fca9b778000 ---p 00000000 00:00 0 
7fca9b778000-7fca9b878000 rw-p 00000000 00:00 0                          [stack:22238]
7fca9b878000-7fca9b879000 ---p 00000000 00:00 0 
7fca9b879000-7fca9b979000 rw-p 00000000 00:00 0                          [stack:22237]
7fca9b979000-7fca9b97a000 ---p 00000000 00:00 0 
7fca9b97a000-7fca9ba7a000 rw-p 00000000 00:00 0                          [stack:22236]
7fca9ba7a000-7fca9ba7b000 ---p 00000000 00:00 0 
7fca9ba7b000-7fca9bb7b000 rw-p 00000000 00:00 0                          [stack:22235]
7fca9bb7b000-7fca9bb7c000 ---p 00000000 00:00 0 
7fca9bb7c000-7fca9bc7c000 rw-p 00000000 00:00 0                          [stack:22234]
7fca9bc7c000-7fca9bc7d000 ---p 00000000 00:00 0 
7fca9bc7d000-7fca9bd7d000 rw-p 00000000 00:00 0                          [stack:22233]
7fca9bd7d000-7fca9bd7e000 ---p 00000000 00:00 0 
7fca9bd7e000-7fca9be89000 rw-p 00000000 00:00 0                          [stack:22232]
7fca9be89000-7fca9bea7000 rw-p 00000000 00:00 0 
7fca9bea7000-7fca9befb000 rw-p 00000000 00:00 0 
7fca9befb000-7fca9c3dd000 rw-p 00000000 00:00 0 
7fca9c3dd000-7fca9c3e8000 rw-p 00000000 00:00 0 
7fca9c3e8000-7fca9c406000 rw-p 00000000 00:00 0 
7fca9c406000-7fca9c45a000 rw-p 00000000 00:00 0 
7fca9c45a000-7fca9c93c000 rw-p 00000000 00:00 0 
7fca9c93c000-7fca9c966000 rw-p 00000000 00:00 0 
7fca9c966000-7fca9cbd7000 rw-p 00000000 00:00 0 
7fca9cbd7000-7fca9cbd8000 rw-p 00000000 00:00 0 
7fca9cbd8000-7fca9ce48000 rwxp 00000000 00:00 0 
7fca9ce48000-7fca9fbd8000 rw-p 00000000 00:00 0 
7fca9fbd8000-7fca9fbf2000 r-xp 00000000 fe:01 2374871                    /opt/oracle-jdk-bin-1.7.0.10/jre/lib/amd64/libzip.so
7fca9fbf2000-7fca9fdf2000 ---p 0001a000 fe:01 2374871                    /opt/oracle-jdk-bin-1.7.0.10/jre/lib/amd64/libzip.so
7fca9fdf2000-7fca9fdf3000 rw-p 0001a000 fe:01 2374871                    /opt/oracle-jdk-bin-1.7.0.10/jre/lib/amd64/libzip.so
7fca9fdf3000-7fca9fdff000 r-xp 00000000 fe:01 3066413                    /lib64/libnss_files-2.15.so
7fca9fdff000-7fca9fffe000 ---p 0000c000 fe:01 3066413                    /lib64/libnss_files-2.15.so
7fca9fffe000-7fca9ffff000 r--p 0000b000 fe:01 3066413                    /lib64/libnss_files-2.15.so
7fca9ffff000-7fcaa0000000 rw-p 0000c000 fe:01 3066413                    /lib64/libnss_files-2.15.so
7fcaa0000000-7fcaa0278000 rw-p 00000000 00:00 0 
7fcaa0278000-7fcaa4000000 ---p 00000000 00:00 0 
7fcaa4027000-7fcaa41b9000 rw-p 00000000 00:00 0 
7fcaa41b9000-7fcaa41c3000 r-xp 00000000 fe:01 3066431                    /lib64/libnss_nis-2.15.so
7fcaa41c3000-7fcaa43c2000 ---p 0000a000 fe:01 3066431                    /lib64/libnss_nis-2.15.so
7fcaa43c2000-7fcaa43c3000 r--p 00009000 fe:01 3066431                    /lib64/libnss_nis-2.15.so
7fcaa43c3000-7fcaa43c4000 rw-p 0000a000 fe:01 3066431                    /lib64/libnss_nis-2.15.so
7fcaa43c4000-7fcaa43d9000 r-xp 00000000 fe:01 3066430                    /lib64/libnsl-2.15.so
7fcaa43d9000-7fcaa45d8000 ---p 00015000 fe:01 3066430                    /lib64/libnsl-2.15.so
7fcaa45d8000-7fcaa45d9000 r--p 00014000 fe:01 3066430                    /lib64/libnsl-2.15.so
7fcaa45d9000-7fcaa45da000 rw-p 00015000 fe:01 3066430                    /lib64/libnsl-2.15.so
7fcaa45da000-7fcaa45dc000 rw-p 00000000 00:00 0 
7fcaa45dc000-7fcaa45e4000 r-xp 00000000 fe:01 3066433                    /lib64/libnss_compat-2.15.so
7fcaa45e4000-7fcaa47e3000 ---p 00008000 fe:01 3066433                    /lib64/libnss_compat-2.15.so
7fcaa47e3000-7fcaa47e4000 r--p 00007000 fe:01 3066433                    /lib64/libnss_compat-2.15.so
7fcaa47e4000-7fcaa47e5000 rw-p 00008000 fe:01 3066433                    /lib64/libnss_compat-2.15.so
7fcaa47e5000-7fcaa480e000 r-xp 00000000 fe:01 2374823                    /opt/oracle-jdk-bin-1.7.0.10/jre/lib/amd64/libjava.so
7fcaa480e000-7fcaa4a0e000 ---p 00029000 fe:01 2374823                    /opt/oracle-jdk-bin-1.7.0.10/jre/lib/amd64/libjava.so
7fcaa4a0e000-7fcaa4a10000 rw-p 00029000 fe:01 2374823                    /opt/oracle-jdk-bin-1.7.0.10/jre/lib/amd64/libjava.so
7fcaa4a10000-7fcaa4a1d000 r-xp 00000000 fe:01 2374846                    /opt/oracle-jdk-bin-1.7.0.10/jre/lib/amd64/libverify.so
7fcaa4a1d000-7fcaa4c1c000 ---p 0000d000 fe:01 2374846                    /opt/oracle-jdk-bin-1.7.0.10/jre/lib/amd64/libverify.so
7fcaa4c1c000-7fcaa4c1e000 rw-p 0000c000 fe:01 2374846                    /opt/oracle-jdk-bin-1.7.0.10/jre/lib/amd64/libverify.so
7fcaa4c1e000-7fcaa4c26000 r-xp 00000000 fe:01 3066417                    /lib64/librt-2.15.so
7fcaa4c26000-7fcaa4e25000 ---p 00008000 fe:01 3066417                    /lib64/librt-2.15.so
7fcaa4e25000-7fcaa4e26000 r--p 00007000 fe:01 3066417                    /lib64/librt-2.15.so
7fcaa4e26000-7fcaa4e27000 rw-p 00008000 fe:01 3066417                    /lib64/librt-2.15.so
7fcaa4e27000-7fcaa4f19000 r-xp 00000000 fe:01 3066387                    /lib64/libm-2.15.so
7fcaa4f19000-7fcaa5118000 ---p 000f2000 fe:01 3066387                    /lib64/libm-2.15.so
7fcaa5118000-7fcaa5119000 r--p 000f1000 fe:01 3066387                    /lib64/libm-2.15.so
7fcaa5119000-7fcaa511a000 rw-p 000f2000 fe:01 3066387                    /lib64/libm-2.15.so
7fcaa511a000-7fcaa5b61000 r-xp 00000000 fe:01 2374850                    /opt/oracle-jdk-bin-1.7.0.10/jre/lib/amd64/server/libjvm.so
7fcaa5b61000-7fcaa5d61000 ---p 00a47000 fe:01 2374850                    /opt/oracle-jdk-bin-1.7.0.10/jre/lib/amd64/server/libjvm.so
7fcaa5d61000-7fcaa5e04000 rw-p 00a47000 fe:01 2374850                    /opt/oracle-jdk-bin-1.7.0.10/jre/lib/amd64/server/libjvm.so
7fcaa5e04000-7fcaa5e40000 rw-p 00000000 00:00 0 
7fcaa5e40000-7fcaa5fdd000 r-xp 00000000 fe:01 3066112                    /lib64/libc-2.15.so
7fcaa5fdd000-7fcaa61dd000 ---p 0019d000 fe:01 3066112                    /lib64/libc-2.15.so
7fcaa61dd000-7fcaa61e1000 r--p 0019d000 fe:01 3066112                    /lib64/libc-2.15.so
7fcaa61e1000-7fcaa61e3000 rw-p 001a1000 fe:01 3066112                    /lib64/libc-2.15.so
7fcaa61e3000-7fcaa61e7000 rw-p 00000000 00:00 0 
7fcaa61e7000-7fcaa61e9000 r-xp 00000000 fe:01 3066391                    /lib64/libdl-2.15.so
7fcaa61e9000-7fcaa63e9000 ---p 00002000 fe:01 3066391                    /lib64/libdl-2.15.so
7fcaa63e9000-7fcaa63ea000 r--p 00002000 fe:01 3066391                    /lib64/libdl-2.15.so
7fcaa63ea000-7fcaa63eb000 rw-p 00003000 fe:01 3066391                    /lib64/libdl-2.15.so
7fcaa63eb000-7fcaa6401000 r-xp 00000000 fe:01 2374826                    /opt/oracle-jdk-bin-1.7.0.10/jre/lib/amd64/jli/libjli.so
7fcaa6401000-7fcaa6601000 ---p 00016000 fe:01 2374826                    /opt/oracle-jdk-bin-1.7.0.10/jre/lib/amd64/jli/libjli.so
7fcaa6601000-7fcaa6602000 rw-p 00016000 fe:01 2374826                    /opt/oracle-jdk-bin-1.7.0.10/jre/lib/amd64/jli/libjli.so
7fcaa6602000-7fcaa661a000 r-xp 00000000 fe:01 3066389                    /lib64/libpthread-2.15.so
7fcaa661a000-7fcaa6819000 ---p 00018000 fe:01 3066389                    /lib64/libpthread-2.15.so
7fcaa6819000-7fcaa681a000 r--p 00017000 fe:01 3066389                    /lib64/libpthread-2.15.so
7fcaa681a000-7fcaa681b000 rw-p 00018000 fe:01 3066389                    /lib64/libpthread-2.15.so
7fcaa681b000-7fcaa681f000 rw-p 00000000 00:00 0 
7fcaa681f000-7fcaa6840000 r-xp 00000000 fe:01 3066443                    /lib64/ld-2.15.so
7fcaa6842000-7fcaa684c000 rw-p 00000000 00:00 0 
7fcaa684c000-7fcaa6902000 rw-p 00000000 00:00 0 
7fcaa6902000-7fcaa6905000 ---p 00000000 00:00 0 
7fcaa6905000-7fcaa6a07000 rw-p 00000000 00:00 0                          [stack:22231]
7fcaa6a0c000-7fcaa6a35000 rw-p 00000000 00:00 0 
7fcaa6a35000-7fcaa6a3d000 rw-s 00000000 00:11 283411                     /tmp/hsperfdata_tuxtor/22227
7fcaa6a3d000-7fcaa6a3e000 rw-p 00000000 00:00 0 
7fcaa6a3e000-7fcaa6a3f000 r--p 00000000 00:00 0 
7fcaa6a3f000-7fcaa6a40000 rw-p 00000000 00:00 0 
7fcaa6a40000-7fcaa6a41000 r--p 00021000 fe:01 3066443                    /lib64/ld-2.15.so
7fcaa6a41000-7fcaa6a42000 rw-p 00022000 fe:01 3066443                    /lib64/ld-2.15.so
7fcaa6a42000-7fcaa6a43000 rw-p 00000000 00:00 0 
7fffc933b000-7fffc935d000 rw-p 00000000 00:00 0                          [stack]
7fffc93ff000-7fffc9400000 r-xp 00000000 00:00 0                          [vdso]
ffffffffff600000-ffffffffff601000 r-xp 00000000 00:00 0                  [vsyscall]

VM Arguments:
jvm_args: -Dfile.encoding=UTF-8 
java_command: br.ufsm.psniffstat.Main lo
Launcher Type: SUN_STANDARD

Environment Variables:
JAVA_HOME=/etc/java-config-2/current-system-vm
CLASSPATH=/usr/share/junit-4/lib/junit.jar
PATH=/usr/local/bin:/usr/bin:/bin:/opt/bin:/usr/x86_64-pc-linux-gnu/gcc-bin/4.6.3:/opt/android-sdk-update-manager/tools:/opt/android-sdk-update-manager/platform-tools:/opt/nvidia-cg-toolkit/bin:/usr/games/bin
USERNAME=tuxtor
SHELL=/bin/bash
DISPLAY=:0

Signal Handlers:
SIGSEGV: [libjvm.so+0x8a5c80], sa_mask[0]=0x7ffbfeff, sa_flags=0x10000004
SIGBUS: [libjvm.so+0x8a5c80], sa_mask[0]=0x7ffbfeff, sa_flags=0x10000004
SIGFPE: [libjvm.so+0x741d60], sa_mask[0]=0x7ffbfeff, sa_flags=0x10000004
SIGPIPE: [libjvm.so+0x741d60], sa_mask[0]=0x7ffbfeff, sa_flags=0x10000004
SIGXFSZ: [libjvm.so+0x741d60], sa_mask[0]=0x7ffbfeff, sa_flags=0x10000004
SIGILL: [libjvm.so+0x741d60], sa_mask[0]=0x7ffbfeff, sa_flags=0x10000004
SIGUSR1: SIG_DFL, sa_mask[0]=0x00000000, sa_flags=0x00000000
SIGUSR2: [libjvm.so+0x7416b0], sa_mask[0]=0x00000004, sa_flags=0x10000004
SIGHUP: [libjvm.so+0x743a40], sa_mask[0]=0x7ffbfeff, sa_flags=0x10000004
SIGINT: SIG_IGN, sa_mask[0]=0x00000000, sa_flags=0x00000000
SIGTERM: [libjvm.so+0x743a40], sa_mask[0]=0x7ffbfeff, sa_flags=0x10000004
SIGQUIT: [libjvm.so+0x743a40], sa_mask[0]=0x7ffbfeff, sa_flags=0x10000004


---------------  S Y S T E M  ---------------

OS:Funtoo Linux - baselayout 2.2.0

uname:Linux 3.4.11-tuxonice #2 SMP Wed Jan 9 03:01:25 BRST 2013 x86_64
libc:glibc 2.15 NPTL 2.15 
rlimit: STACK 8192k, CORE 0k, NPROC 128032, NOFILE 64000, AS infinity
load average:1,44 0,79 0,79

/proc/meminfo:
MemTotal:       16390472 kB
MemFree:         9772688 kB
Buffers:          842432 kB
Cached:          2223256 kB
SwapCached:            0 kB
Active:          4252824 kB
Inactive:        2120696 kB
Active(anon):    3315980 kB
Inactive(anon):    20728 kB
Active(file):     936844 kB
Inactive(file):  2099968 kB
Unevictable:          80 kB
Mlocked:              80 kB
SwapTotal:       4194300 kB
SwapFree:        4194300 kB
Dirty:              1256 kB
Writeback:             0 kB
AnonPages:       3308048 kB
Mapped:           251628 kB
Shmem:             28888 kB
Slab:             140252 kB
SReclaimable:     105432 kB
SUnreclaim:        34820 kB
KernelStack:        4312 kB
PageTables:        36908 kB
NFS_Unstable:          0 kB
Bounce:                0 kB
WritebackTmp:          0 kB
CommitLimit:    12389536 kB
Committed_AS:   11404340 kB
VmallocTotal:   34359738367 kB
VmallocUsed:      103672 kB
VmallocChunk:   34359631867 kB
HugePages_Total:       0
HugePages_Free:        0
HugePages_Rsvd:        0
HugePages_Surp:        0
Hugepagesize:       2048 kB
DirectMap4k:      169972 kB
DirectMap2M:    16590848 kB


CPU:total 8 (4 cores per cpu, 2 threads per core) family 6 model 42 stepping 7, cmov, cx8, fxsr, mmx, sse, sse2, sse3, ssse3, sse4.1, sse4.2, popcnt, avx, ht, tsc, tscinvbit

/proc/cpuinfo:
processor	: 0
vendor_id	: GenuineIntel
cpu family	: 6
model		: 42
model name	: Intel(R) Core(TM) i7-2670QM CPU @ 2.20GHz
stepping	: 7
microcode	: 0x15
cpu MHz		: 800.000
cache size	: 6144 KB
physical id	: 0
siblings	: 8
core id		: 0
cpu cores	: 4
apicid		: 0
initial apicid	: 0
fpu		: yes
fpu_exception	: yes
cpuid level	: 13
wp		: yes
flags		: fpu vme de pse tsc msr pae mce cx8 apic sep mtrr pge mca cmov pat pse36 clflush dts acpi mmx fxsr sse sse2 ss ht tm pbe syscall nx rdtscp lm constant_tsc arch_perfmon pebs bts rep_good nopl xtopology nonstop_tsc aperfmperf pni pclmulqdq dtes64 monitor ds_cpl vmx est tm2 ssse3 cx16 xtpr pdcm pcid sse4_1 sse4_2 x2apic popcnt tsc_deadline_timer xsave avx lahf_lm ida arat epb xsaveopt pln pts dtherm tpr_shadow vnmi flexpriority ept vpid
bogomips	: 4390.23
clflush size	: 64
cache_alignment	: 64
address sizes	: 36 bits physical, 48 bits virtual
power management:

processor	: 1
vendor_id	: GenuineIntel
cpu family	: 6
model		: 42
model name	: Intel(R) Core(TM) i7-2670QM CPU @ 2.20GHz
stepping	: 7
microcode	: 0x15
cpu MHz		: 800.000
cache size	: 6144 KB
physical id	: 0
siblings	: 8
core id		: 1
cpu cores	: 4
apicid		: 2
initial apicid	: 2
fpu		: yes
fpu_exception	: yes
cpuid level	: 13
wp		: yes
flags		: fpu vme de pse tsc msr pae mce cx8 apic sep mtrr pge mca cmov pat pse36 clflush dts acpi mmx fxsr sse sse2 ss ht tm pbe syscall nx rdtscp lm constant_tsc arch_perfmon pebs bts rep_good nopl xtopology nonstop_tsc aperfmperf pni pclmulqdq dtes64 monitor ds_cpl vmx est tm2 ssse3 cx16 xtpr pdcm pcid sse4_1 sse4_2 x2apic popcnt tsc_deadline_timer xsave avx lahf_lm ida arat epb xsaveopt pln pts dtherm tpr_shadow vnmi flexpriority ept vpid
bogomips	: 4390.23
clflush size	: 64
cache_alignment	: 64
address sizes	: 36 bits physical, 48 bits virtual
power management:

processor	: 2
vendor_id	: GenuineIntel
cpu family	: 6
model		: 42
model name	: Intel(R) Core(TM) i7-2670QM CPU @ 2.20GHz
stepping	: 7
microcode	: 0x15
cpu MHz		: 800.000
cache size	: 6144 KB
physical id	: 0
siblings	: 8
core id		: 2
cpu cores	: 4
apicid		: 4
initial apicid	: 4
fpu		: yes
fpu_exception	: yes
cpuid level	: 13
wp		: yes
flags		: fpu vme de pse tsc msr pae mce cx8 apic sep mtrr pge mca cmov pat pse36 clflush dts acpi mmx fxsr sse sse2 ss ht tm pbe syscall nx rdtscp lm constant_tsc arch_perfmon pebs bts rep_good nopl xtopology nonstop_tsc aperfmperf pni pclmulqdq dtes64 monitor ds_cpl vmx est tm2 ssse3 cx16 xtpr pdcm pcid sse4_1 sse4_2 x2apic popcnt tsc_deadline_timer xsave avx lahf_lm ida arat epb xsaveopt pln pts dtherm tpr_shadow vnmi flexpriority ept vpid
bogomips	: 4390.23
clflush size	: 64
cache_alignment	: 64
address sizes	: 36 bits physical, 48 bits virtual
power management:

processor	: 3
vendor_id	: GenuineIntel
cpu family	: 6
model		: 42
model name	: Intel(R) Core(TM) i7-2670QM CPU @ 2.20GHz
stepping	: 7
microcode	: 0x15
cpu MHz		: 800.000
cache size	: 6144 KB
physical id	: 0
siblings	: 8
core id		: 3
cpu cores	: 4
apicid		: 6
initial apicid	: 6
fpu		: yes
fpu_exception	: yes
cpuid level	: 13
wp		: yes
flags		: fpu vme de pse tsc msr pae mce cx8 apic sep mtrr pge mca cmov pat pse36 clflush dts acpi mmx fxsr sse sse2 ss ht tm pbe syscall nx rdtscp lm constant_tsc arch_perfmon pebs bts rep_good nopl xtopology nonstop_tsc aperfmperf pni pclmulqdq dtes64 monitor ds_cpl vmx est tm2 ssse3 cx16 xtpr pdcm pcid sse4_1 sse4_2 x2apic popcnt tsc_deadline_timer xsave avx lahf_lm ida arat epb xsaveopt pln pts dtherm tpr_shadow vnmi flexpriority ept vpid
bogomips	: 4390.23
clflush size	: 64
cache_alignment	: 64
address sizes	: 36 bits physical, 48 bits virtual
power management:

processor	: 4
vendor_id	: GenuineIntel
cpu family	: 6
model		: 42
model name	: Intel(R) Core(TM) i7-2670QM CPU @ 2.20GHz
stepping	: 7
microcode	: 0x15
cpu MHz		: 800.000
cache size	: 6144 KB
physical id	: 0
siblings	: 8
core id		: 0
cpu cores	: 4
apicid		: 1
initial apicid	: 1
fpu		: yes
fpu_exception	: yes
cpuid level	: 13
wp		: yes
flags		: fpu vme de pse tsc msr pae mce cx8 apic sep mtrr pge mca cmov pat pse36 clflush dts acpi mmx fxsr sse sse2 ss ht tm pbe syscall nx rdtscp lm constant_tsc arch_perfmon pebs bts rep_good nopl xtopology nonstop_tsc aperfmperf pni pclmulqdq dtes64 monitor ds_cpl vmx est tm2 ssse3 cx16 xtpr pdcm pcid sse4_1 sse4_2 x2apic popcnt tsc_deadline_timer xsave avx lahf_lm ida arat epb xsaveopt pln pts dtherm tpr_shadow vnmi flexpriority ept vpid
bogomips	: 4390.23
clflush size	: 64
cache_alignment	: 64
address sizes	: 36 bits physical, 48 bits virtual
power management:

processor	: 5
vendor_id	: GenuineIntel
cpu family	: 6
model		: 42
model name	: Intel(R) Core(TM) i7-2670QM CPU @ 2.20GHz
stepping	: 7
microcode	: 0x15
cpu MHz		: 2201.000
cache size	: 6144 KB
physical id	: 0
siblings	: 8
core id		: 1
cpu cores	: 4
apicid		: 3
initial apicid	: 3
fpu		: yes
fpu_exception	: yes
cpuid level	: 13
wp		: yes
flags		: fpu vme de pse tsc msr pae mce cx8 apic sep mtrr pge mca cmov pat pse36 clflush dts acpi mmx fxsr sse sse2 ss ht tm pbe syscall nx rdtscp lm constant_tsc arch_perfmon pebs bts rep_good nopl xtopology nonstop_tsc aperfmperf pni pclmulqdq dtes64 monitor ds_cpl vmx est tm2 ssse3 cx16 xtpr pdcm pcid sse4_1 sse4_2 x2apic popcnt tsc_deadline_timer xsave avx lahf_lm ida arat epb xsaveopt pln pts dtherm tpr_shadow vnmi flexpriority ept vpid
bogomips	: 4390.23
clflush size	: 64
cache_alignment	: 64
address sizes	: 36 bits physical, 48 bits virtual
power management:

processor	: 6
vendor_id	: GenuineIntel
cpu family	: 6
model		: 42
model name	: Intel(R) Core(TM) i7-2670QM CPU @ 2.20GHz
stepping	: 7
microcode	: 0x15
cpu MHz		: 2201.000
cache size	: 6144 KB
physical id	: 0
siblings	: 8
core id		: 2
cpu cores	: 4
apicid		: 5
initial apicid	: 5
fpu		: yes
fpu_exception	: yes
cpuid level	: 13
wp		: yes
flags		: fpu vme de pse tsc msr pae mce cx8 apic sep mtrr pge mca cmov pat pse36 clflush dts acpi mmx fxsr sse sse2 ss ht tm pbe syscall nx rdtscp lm constant_tsc arch_perfmon pebs bts rep_good nopl xtopology nonstop_tsc aperfmperf pni pclmulqdq dtes64 monitor ds_cpl vmx est tm2 ssse3 cx16 xtpr pdcm pcid sse4_1 sse4_2 x2apic popcnt tsc_deadline_timer xsave avx lahf_lm ida arat epb xsaveopt pln pts dtherm tpr_shadow vnmi flexpriority ept vpid
bogomips	: 4390.23
clflush size	: 64
cache_alignment	: 64
address sizes	: 36 bits physical, 48 bits virtual
power management:

processor	: 7
vendor_id	: GenuineIntel
cpu family	: 6
model		: 42
model name	: Intel(R) Core(TM) i7-2670QM CPU @ 2.20GHz
stepping	: 7
microcode	: 0x15
cpu MHz		: 800.000
cache size	: 6144 KB
physical id	: 0
siblings	: 8
core id		: 3
cpu cores	: 4
apicid		: 7
initial apicid	: 7
fpu		: yes
fpu_exception	: yes
cpuid level	: 13
wp		: yes
flags		: fpu vme de pse tsc msr pae mce cx8 apic sep mtrr pge mca cmov pat pse36 clflush dts acpi mmx fxsr sse sse2 ss ht tm pbe syscall nx rdtscp lm constant_tsc arch_perfmon pebs bts rep_good nopl xtopology nonstop_tsc aperfmperf pni pclmulqdq dtes64 monitor ds_cpl vmx est tm2 ssse3 cx16 xtpr pdcm pcid sse4_1 sse4_2 x2apic popcnt tsc_deadline_timer xsave avx lahf_lm ida arat epb xsaveopt pln pts dtherm tpr_shadow vnmi flexpriority ept vpid
bogomips	: 4390.23
clflush size	: 64
cache_alignment	: 64
address sizes	: 36 bits physical, 48 bits virtual
power management:



Memory: 4k page, physical 16390472k(9772688k free), swap 4194300k(4194300k free)

vm_info: Java HotSpot(TM) 64-Bit Server VM (23.6-b04) for linux-amd64 JRE (1.7.0_10-b18), built on Nov 28 2012 03:39:52 by "java_re" with gcc 4.3.0 20080428 (Red Hat 4.3.0-8)

time: Wed Jan  9 23:27:39 2013
elapsed time: 17 seconds

